G75*
%MOIN*%
%OFA0B0*%
%FSLAX25Y25*%
%IPPOS*%
%LPD*%
%AMOC8*
5,1,8,0,0,1.08239X$1,22.5*
%
%ADD10C,0.00000*%
D10*
X0020935Y0022717D02*
X0083927Y0022717D01*
X0083927Y0109331D01*
X0020935Y0109331D01*
X0020935Y0022717D01*
X0028809Y0064055D02*
X0028811Y0064180D01*
X0028817Y0064305D01*
X0028827Y0064429D01*
X0028841Y0064553D01*
X0028858Y0064677D01*
X0028880Y0064800D01*
X0028906Y0064922D01*
X0028935Y0065044D01*
X0028968Y0065164D01*
X0029006Y0065283D01*
X0029046Y0065402D01*
X0029091Y0065518D01*
X0029139Y0065633D01*
X0029191Y0065747D01*
X0029247Y0065859D01*
X0029306Y0065969D01*
X0029368Y0066077D01*
X0029434Y0066184D01*
X0029503Y0066288D01*
X0029576Y0066389D01*
X0029651Y0066489D01*
X0029730Y0066586D01*
X0029812Y0066680D01*
X0029897Y0066772D01*
X0029984Y0066861D01*
X0030075Y0066947D01*
X0030168Y0067030D01*
X0030264Y0067111D01*
X0030362Y0067188D01*
X0030462Y0067262D01*
X0030565Y0067333D01*
X0030670Y0067400D01*
X0030778Y0067465D01*
X0030887Y0067525D01*
X0030998Y0067583D01*
X0031111Y0067636D01*
X0031225Y0067686D01*
X0031341Y0067733D01*
X0031458Y0067775D01*
X0031577Y0067814D01*
X0031697Y0067850D01*
X0031818Y0067881D01*
X0031940Y0067909D01*
X0032062Y0067932D01*
X0032186Y0067952D01*
X0032310Y0067968D01*
X0032434Y0067980D01*
X0032559Y0067988D01*
X0032684Y0067992D01*
X0032808Y0067992D01*
X0032933Y0067988D01*
X0033058Y0067980D01*
X0033182Y0067968D01*
X0033306Y0067952D01*
X0033430Y0067932D01*
X0033552Y0067909D01*
X0033674Y0067881D01*
X0033795Y0067850D01*
X0033915Y0067814D01*
X0034034Y0067775D01*
X0034151Y0067733D01*
X0034267Y0067686D01*
X0034381Y0067636D01*
X0034494Y0067583D01*
X0034605Y0067525D01*
X0034715Y0067465D01*
X0034822Y0067400D01*
X0034927Y0067333D01*
X0035030Y0067262D01*
X0035130Y0067188D01*
X0035228Y0067111D01*
X0035324Y0067030D01*
X0035417Y0066947D01*
X0035508Y0066861D01*
X0035595Y0066772D01*
X0035680Y0066680D01*
X0035762Y0066586D01*
X0035841Y0066489D01*
X0035916Y0066389D01*
X0035989Y0066288D01*
X0036058Y0066184D01*
X0036124Y0066077D01*
X0036186Y0065969D01*
X0036245Y0065859D01*
X0036301Y0065747D01*
X0036353Y0065633D01*
X0036401Y0065518D01*
X0036446Y0065402D01*
X0036486Y0065283D01*
X0036524Y0065164D01*
X0036557Y0065044D01*
X0036586Y0064922D01*
X0036612Y0064800D01*
X0036634Y0064677D01*
X0036651Y0064553D01*
X0036665Y0064429D01*
X0036675Y0064305D01*
X0036681Y0064180D01*
X0036683Y0064055D01*
X0036681Y0063930D01*
X0036675Y0063805D01*
X0036665Y0063681D01*
X0036651Y0063557D01*
X0036634Y0063433D01*
X0036612Y0063310D01*
X0036586Y0063188D01*
X0036557Y0063066D01*
X0036524Y0062946D01*
X0036486Y0062827D01*
X0036446Y0062708D01*
X0036401Y0062592D01*
X0036353Y0062477D01*
X0036301Y0062363D01*
X0036245Y0062251D01*
X0036186Y0062141D01*
X0036124Y0062033D01*
X0036058Y0061926D01*
X0035989Y0061822D01*
X0035916Y0061721D01*
X0035841Y0061621D01*
X0035762Y0061524D01*
X0035680Y0061430D01*
X0035595Y0061338D01*
X0035508Y0061249D01*
X0035417Y0061163D01*
X0035324Y0061080D01*
X0035228Y0060999D01*
X0035130Y0060922D01*
X0035030Y0060848D01*
X0034927Y0060777D01*
X0034822Y0060710D01*
X0034714Y0060645D01*
X0034605Y0060585D01*
X0034494Y0060527D01*
X0034381Y0060474D01*
X0034267Y0060424D01*
X0034151Y0060377D01*
X0034034Y0060335D01*
X0033915Y0060296D01*
X0033795Y0060260D01*
X0033674Y0060229D01*
X0033552Y0060201D01*
X0033430Y0060178D01*
X0033306Y0060158D01*
X0033182Y0060142D01*
X0033058Y0060130D01*
X0032933Y0060122D01*
X0032808Y0060118D01*
X0032684Y0060118D01*
X0032559Y0060122D01*
X0032434Y0060130D01*
X0032310Y0060142D01*
X0032186Y0060158D01*
X0032062Y0060178D01*
X0031940Y0060201D01*
X0031818Y0060229D01*
X0031697Y0060260D01*
X0031577Y0060296D01*
X0031458Y0060335D01*
X0031341Y0060377D01*
X0031225Y0060424D01*
X0031111Y0060474D01*
X0030998Y0060527D01*
X0030887Y0060585D01*
X0030777Y0060645D01*
X0030670Y0060710D01*
X0030565Y0060777D01*
X0030462Y0060848D01*
X0030362Y0060922D01*
X0030264Y0060999D01*
X0030168Y0061080D01*
X0030075Y0061163D01*
X0029984Y0061249D01*
X0029897Y0061338D01*
X0029812Y0061430D01*
X0029730Y0061524D01*
X0029651Y0061621D01*
X0029576Y0061721D01*
X0029503Y0061822D01*
X0029434Y0061926D01*
X0029368Y0062033D01*
X0029306Y0062141D01*
X0029247Y0062251D01*
X0029191Y0062363D01*
X0029139Y0062477D01*
X0029091Y0062592D01*
X0029046Y0062708D01*
X0029006Y0062827D01*
X0028968Y0062946D01*
X0028935Y0063066D01*
X0028906Y0063188D01*
X0028880Y0063310D01*
X0028858Y0063433D01*
X0028841Y0063557D01*
X0028827Y0063681D01*
X0028817Y0063805D01*
X0028811Y0063930D01*
X0028809Y0064055D01*
X0026644Y0099488D02*
X0026646Y0099616D01*
X0026652Y0099744D01*
X0026662Y0099871D01*
X0026676Y0099999D01*
X0026693Y0100125D01*
X0026715Y0100251D01*
X0026741Y0100377D01*
X0026770Y0100501D01*
X0026803Y0100625D01*
X0026840Y0100747D01*
X0026881Y0100868D01*
X0026926Y0100988D01*
X0026974Y0101107D01*
X0027026Y0101224D01*
X0027082Y0101339D01*
X0027141Y0101453D01*
X0027203Y0101564D01*
X0027269Y0101674D01*
X0027338Y0101781D01*
X0027411Y0101887D01*
X0027487Y0101990D01*
X0027566Y0102090D01*
X0027648Y0102189D01*
X0027733Y0102284D01*
X0027821Y0102377D01*
X0027912Y0102467D01*
X0028005Y0102554D01*
X0028102Y0102639D01*
X0028200Y0102720D01*
X0028302Y0102798D01*
X0028405Y0102873D01*
X0028511Y0102945D01*
X0028619Y0103014D01*
X0028729Y0103079D01*
X0028842Y0103140D01*
X0028956Y0103199D01*
X0029071Y0103253D01*
X0029189Y0103304D01*
X0029307Y0103352D01*
X0029428Y0103395D01*
X0029549Y0103435D01*
X0029672Y0103471D01*
X0029796Y0103504D01*
X0029921Y0103532D01*
X0030046Y0103557D01*
X0030172Y0103577D01*
X0030299Y0103594D01*
X0030427Y0103607D01*
X0030554Y0103616D01*
X0030682Y0103621D01*
X0030810Y0103622D01*
X0030938Y0103619D01*
X0031066Y0103612D01*
X0031193Y0103601D01*
X0031320Y0103586D01*
X0031447Y0103568D01*
X0031573Y0103545D01*
X0031698Y0103518D01*
X0031822Y0103488D01*
X0031945Y0103454D01*
X0032068Y0103416D01*
X0032189Y0103374D01*
X0032308Y0103328D01*
X0032426Y0103279D01*
X0032543Y0103226D01*
X0032658Y0103170D01*
X0032771Y0103110D01*
X0032882Y0103047D01*
X0032991Y0102980D01*
X0033098Y0102910D01*
X0033203Y0102836D01*
X0033305Y0102760D01*
X0033405Y0102680D01*
X0033503Y0102597D01*
X0033598Y0102511D01*
X0033690Y0102422D01*
X0033779Y0102331D01*
X0033866Y0102237D01*
X0033949Y0102140D01*
X0034030Y0102040D01*
X0034107Y0101939D01*
X0034182Y0101834D01*
X0034253Y0101728D01*
X0034320Y0101619D01*
X0034385Y0101509D01*
X0034445Y0101396D01*
X0034503Y0101282D01*
X0034556Y0101166D01*
X0034606Y0101048D01*
X0034653Y0100929D01*
X0034696Y0100808D01*
X0034735Y0100686D01*
X0034770Y0100563D01*
X0034801Y0100439D01*
X0034829Y0100314D01*
X0034852Y0100188D01*
X0034872Y0100062D01*
X0034888Y0099935D01*
X0034900Y0099808D01*
X0034908Y0099680D01*
X0034912Y0099552D01*
X0034912Y0099424D01*
X0034908Y0099296D01*
X0034900Y0099168D01*
X0034888Y0099041D01*
X0034872Y0098914D01*
X0034852Y0098788D01*
X0034829Y0098662D01*
X0034801Y0098537D01*
X0034770Y0098413D01*
X0034735Y0098290D01*
X0034696Y0098168D01*
X0034653Y0098047D01*
X0034606Y0097928D01*
X0034556Y0097810D01*
X0034503Y0097694D01*
X0034445Y0097580D01*
X0034385Y0097467D01*
X0034320Y0097357D01*
X0034253Y0097248D01*
X0034182Y0097142D01*
X0034107Y0097037D01*
X0034030Y0096936D01*
X0033949Y0096836D01*
X0033866Y0096739D01*
X0033779Y0096645D01*
X0033690Y0096554D01*
X0033598Y0096465D01*
X0033503Y0096379D01*
X0033405Y0096296D01*
X0033305Y0096216D01*
X0033203Y0096140D01*
X0033098Y0096066D01*
X0032991Y0095996D01*
X0032882Y0095929D01*
X0032771Y0095866D01*
X0032658Y0095806D01*
X0032543Y0095750D01*
X0032426Y0095697D01*
X0032308Y0095648D01*
X0032189Y0095602D01*
X0032068Y0095560D01*
X0031945Y0095522D01*
X0031822Y0095488D01*
X0031698Y0095458D01*
X0031573Y0095431D01*
X0031447Y0095408D01*
X0031320Y0095390D01*
X0031193Y0095375D01*
X0031066Y0095364D01*
X0030938Y0095357D01*
X0030810Y0095354D01*
X0030682Y0095355D01*
X0030554Y0095360D01*
X0030427Y0095369D01*
X0030299Y0095382D01*
X0030172Y0095399D01*
X0030046Y0095419D01*
X0029921Y0095444D01*
X0029796Y0095472D01*
X0029672Y0095505D01*
X0029549Y0095541D01*
X0029428Y0095581D01*
X0029307Y0095624D01*
X0029189Y0095672D01*
X0029071Y0095723D01*
X0028956Y0095777D01*
X0028842Y0095836D01*
X0028729Y0095897D01*
X0028619Y0095962D01*
X0028511Y0096031D01*
X0028405Y0096103D01*
X0028302Y0096178D01*
X0028200Y0096256D01*
X0028102Y0096337D01*
X0028005Y0096422D01*
X0027912Y0096509D01*
X0027821Y0096599D01*
X0027733Y0096692D01*
X0027648Y0096787D01*
X0027566Y0096886D01*
X0027487Y0096986D01*
X0027411Y0097089D01*
X0027338Y0097195D01*
X0027269Y0097302D01*
X0027203Y0097412D01*
X0027141Y0097523D01*
X0027082Y0097637D01*
X0027026Y0097752D01*
X0026974Y0097869D01*
X0026926Y0097988D01*
X0026881Y0098108D01*
X0026840Y0098229D01*
X0026803Y0098351D01*
X0026770Y0098475D01*
X0026741Y0098599D01*
X0026715Y0098725D01*
X0026693Y0098851D01*
X0026676Y0098977D01*
X0026662Y0099105D01*
X0026652Y0099232D01*
X0026646Y0099360D01*
X0026644Y0099488D01*
X0069951Y0032559D02*
X0069953Y0032687D01*
X0069959Y0032815D01*
X0069969Y0032942D01*
X0069983Y0033070D01*
X0070000Y0033196D01*
X0070022Y0033322D01*
X0070048Y0033448D01*
X0070077Y0033572D01*
X0070110Y0033696D01*
X0070147Y0033818D01*
X0070188Y0033939D01*
X0070233Y0034059D01*
X0070281Y0034178D01*
X0070333Y0034295D01*
X0070389Y0034410D01*
X0070448Y0034524D01*
X0070510Y0034635D01*
X0070576Y0034745D01*
X0070645Y0034852D01*
X0070718Y0034958D01*
X0070794Y0035061D01*
X0070873Y0035161D01*
X0070955Y0035260D01*
X0071040Y0035355D01*
X0071128Y0035448D01*
X0071219Y0035538D01*
X0071312Y0035625D01*
X0071409Y0035710D01*
X0071507Y0035791D01*
X0071609Y0035869D01*
X0071712Y0035944D01*
X0071818Y0036016D01*
X0071926Y0036085D01*
X0072036Y0036150D01*
X0072149Y0036211D01*
X0072263Y0036270D01*
X0072378Y0036324D01*
X0072496Y0036375D01*
X0072614Y0036423D01*
X0072735Y0036466D01*
X0072856Y0036506D01*
X0072979Y0036542D01*
X0073103Y0036575D01*
X0073228Y0036603D01*
X0073353Y0036628D01*
X0073479Y0036648D01*
X0073606Y0036665D01*
X0073734Y0036678D01*
X0073861Y0036687D01*
X0073989Y0036692D01*
X0074117Y0036693D01*
X0074245Y0036690D01*
X0074373Y0036683D01*
X0074500Y0036672D01*
X0074627Y0036657D01*
X0074754Y0036639D01*
X0074880Y0036616D01*
X0075005Y0036589D01*
X0075129Y0036559D01*
X0075252Y0036525D01*
X0075375Y0036487D01*
X0075496Y0036445D01*
X0075615Y0036399D01*
X0075733Y0036350D01*
X0075850Y0036297D01*
X0075965Y0036241D01*
X0076078Y0036181D01*
X0076189Y0036118D01*
X0076298Y0036051D01*
X0076405Y0035981D01*
X0076510Y0035907D01*
X0076612Y0035831D01*
X0076712Y0035751D01*
X0076810Y0035668D01*
X0076905Y0035582D01*
X0076997Y0035493D01*
X0077086Y0035402D01*
X0077173Y0035308D01*
X0077256Y0035211D01*
X0077337Y0035111D01*
X0077414Y0035010D01*
X0077489Y0034905D01*
X0077560Y0034799D01*
X0077627Y0034690D01*
X0077692Y0034580D01*
X0077752Y0034467D01*
X0077810Y0034353D01*
X0077863Y0034237D01*
X0077913Y0034119D01*
X0077960Y0034000D01*
X0078003Y0033879D01*
X0078042Y0033757D01*
X0078077Y0033634D01*
X0078108Y0033510D01*
X0078136Y0033385D01*
X0078159Y0033259D01*
X0078179Y0033133D01*
X0078195Y0033006D01*
X0078207Y0032879D01*
X0078215Y0032751D01*
X0078219Y0032623D01*
X0078219Y0032495D01*
X0078215Y0032367D01*
X0078207Y0032239D01*
X0078195Y0032112D01*
X0078179Y0031985D01*
X0078159Y0031859D01*
X0078136Y0031733D01*
X0078108Y0031608D01*
X0078077Y0031484D01*
X0078042Y0031361D01*
X0078003Y0031239D01*
X0077960Y0031118D01*
X0077913Y0030999D01*
X0077863Y0030881D01*
X0077810Y0030765D01*
X0077752Y0030651D01*
X0077692Y0030538D01*
X0077627Y0030428D01*
X0077560Y0030319D01*
X0077489Y0030213D01*
X0077414Y0030108D01*
X0077337Y0030007D01*
X0077256Y0029907D01*
X0077173Y0029810D01*
X0077086Y0029716D01*
X0076997Y0029625D01*
X0076905Y0029536D01*
X0076810Y0029450D01*
X0076712Y0029367D01*
X0076612Y0029287D01*
X0076510Y0029211D01*
X0076405Y0029137D01*
X0076298Y0029067D01*
X0076189Y0029000D01*
X0076078Y0028937D01*
X0075965Y0028877D01*
X0075850Y0028821D01*
X0075733Y0028768D01*
X0075615Y0028719D01*
X0075496Y0028673D01*
X0075375Y0028631D01*
X0075252Y0028593D01*
X0075129Y0028559D01*
X0075005Y0028529D01*
X0074880Y0028502D01*
X0074754Y0028479D01*
X0074627Y0028461D01*
X0074500Y0028446D01*
X0074373Y0028435D01*
X0074245Y0028428D01*
X0074117Y0028425D01*
X0073989Y0028426D01*
X0073861Y0028431D01*
X0073734Y0028440D01*
X0073606Y0028453D01*
X0073479Y0028470D01*
X0073353Y0028490D01*
X0073228Y0028515D01*
X0073103Y0028543D01*
X0072979Y0028576D01*
X0072856Y0028612D01*
X0072735Y0028652D01*
X0072614Y0028695D01*
X0072496Y0028743D01*
X0072378Y0028794D01*
X0072263Y0028848D01*
X0072149Y0028907D01*
X0072036Y0028968D01*
X0071926Y0029033D01*
X0071818Y0029102D01*
X0071712Y0029174D01*
X0071609Y0029249D01*
X0071507Y0029327D01*
X0071409Y0029408D01*
X0071312Y0029493D01*
X0071219Y0029580D01*
X0071128Y0029670D01*
X0071040Y0029763D01*
X0070955Y0029858D01*
X0070873Y0029957D01*
X0070794Y0030057D01*
X0070718Y0030160D01*
X0070645Y0030266D01*
X0070576Y0030373D01*
X0070510Y0030483D01*
X0070448Y0030594D01*
X0070389Y0030708D01*
X0070333Y0030823D01*
X0070281Y0030940D01*
X0070233Y0031059D01*
X0070188Y0031179D01*
X0070147Y0031300D01*
X0070110Y0031422D01*
X0070077Y0031546D01*
X0070048Y0031670D01*
X0070022Y0031796D01*
X0070000Y0031922D01*
X0069983Y0032048D01*
X0069969Y0032176D01*
X0069959Y0032303D01*
X0069953Y0032431D01*
X0069951Y0032559D01*
M02*
