G75*
%MOIN*%
%OFA0B0*%
%FSLAX25Y25*%
%IPPOS*%
%LPD*%
%AMOC8*
5,1,8,0,0,1.08239X$1,22.5*
%
%ADD10C,0.00000*%
D10*
X0020935Y0044370D02*
X0020935Y0134921D01*
X0237470Y0134921D01*
X0237470Y0044370D01*
X0020935Y0044370D01*
X0026644Y0054213D02*
X0026646Y0054341D01*
X0026652Y0054469D01*
X0026662Y0054596D01*
X0026676Y0054724D01*
X0026693Y0054850D01*
X0026715Y0054976D01*
X0026741Y0055102D01*
X0026770Y0055226D01*
X0026803Y0055350D01*
X0026840Y0055472D01*
X0026881Y0055593D01*
X0026926Y0055713D01*
X0026974Y0055832D01*
X0027026Y0055949D01*
X0027082Y0056064D01*
X0027141Y0056178D01*
X0027203Y0056289D01*
X0027269Y0056399D01*
X0027338Y0056506D01*
X0027411Y0056612D01*
X0027487Y0056715D01*
X0027566Y0056815D01*
X0027648Y0056914D01*
X0027733Y0057009D01*
X0027821Y0057102D01*
X0027912Y0057192D01*
X0028005Y0057279D01*
X0028102Y0057364D01*
X0028200Y0057445D01*
X0028302Y0057523D01*
X0028405Y0057598D01*
X0028511Y0057670D01*
X0028619Y0057739D01*
X0028729Y0057804D01*
X0028842Y0057865D01*
X0028956Y0057924D01*
X0029071Y0057978D01*
X0029189Y0058029D01*
X0029307Y0058077D01*
X0029428Y0058120D01*
X0029549Y0058160D01*
X0029672Y0058196D01*
X0029796Y0058229D01*
X0029921Y0058257D01*
X0030046Y0058282D01*
X0030172Y0058302D01*
X0030299Y0058319D01*
X0030427Y0058332D01*
X0030554Y0058341D01*
X0030682Y0058346D01*
X0030810Y0058347D01*
X0030938Y0058344D01*
X0031066Y0058337D01*
X0031193Y0058326D01*
X0031320Y0058311D01*
X0031447Y0058293D01*
X0031573Y0058270D01*
X0031698Y0058243D01*
X0031822Y0058213D01*
X0031945Y0058179D01*
X0032068Y0058141D01*
X0032189Y0058099D01*
X0032308Y0058053D01*
X0032426Y0058004D01*
X0032543Y0057951D01*
X0032658Y0057895D01*
X0032771Y0057835D01*
X0032882Y0057772D01*
X0032991Y0057705D01*
X0033098Y0057635D01*
X0033203Y0057561D01*
X0033305Y0057485D01*
X0033405Y0057405D01*
X0033503Y0057322D01*
X0033598Y0057236D01*
X0033690Y0057147D01*
X0033779Y0057056D01*
X0033866Y0056962D01*
X0033949Y0056865D01*
X0034030Y0056765D01*
X0034107Y0056664D01*
X0034182Y0056559D01*
X0034253Y0056453D01*
X0034320Y0056344D01*
X0034385Y0056234D01*
X0034445Y0056121D01*
X0034503Y0056007D01*
X0034556Y0055891D01*
X0034606Y0055773D01*
X0034653Y0055654D01*
X0034696Y0055533D01*
X0034735Y0055411D01*
X0034770Y0055288D01*
X0034801Y0055164D01*
X0034829Y0055039D01*
X0034852Y0054913D01*
X0034872Y0054787D01*
X0034888Y0054660D01*
X0034900Y0054533D01*
X0034908Y0054405D01*
X0034912Y0054277D01*
X0034912Y0054149D01*
X0034908Y0054021D01*
X0034900Y0053893D01*
X0034888Y0053766D01*
X0034872Y0053639D01*
X0034852Y0053513D01*
X0034829Y0053387D01*
X0034801Y0053262D01*
X0034770Y0053138D01*
X0034735Y0053015D01*
X0034696Y0052893D01*
X0034653Y0052772D01*
X0034606Y0052653D01*
X0034556Y0052535D01*
X0034503Y0052419D01*
X0034445Y0052305D01*
X0034385Y0052192D01*
X0034320Y0052082D01*
X0034253Y0051973D01*
X0034182Y0051867D01*
X0034107Y0051762D01*
X0034030Y0051661D01*
X0033949Y0051561D01*
X0033866Y0051464D01*
X0033779Y0051370D01*
X0033690Y0051279D01*
X0033598Y0051190D01*
X0033503Y0051104D01*
X0033405Y0051021D01*
X0033305Y0050941D01*
X0033203Y0050865D01*
X0033098Y0050791D01*
X0032991Y0050721D01*
X0032882Y0050654D01*
X0032771Y0050591D01*
X0032658Y0050531D01*
X0032543Y0050475D01*
X0032426Y0050422D01*
X0032308Y0050373D01*
X0032189Y0050327D01*
X0032068Y0050285D01*
X0031945Y0050247D01*
X0031822Y0050213D01*
X0031698Y0050183D01*
X0031573Y0050156D01*
X0031447Y0050133D01*
X0031320Y0050115D01*
X0031193Y0050100D01*
X0031066Y0050089D01*
X0030938Y0050082D01*
X0030810Y0050079D01*
X0030682Y0050080D01*
X0030554Y0050085D01*
X0030427Y0050094D01*
X0030299Y0050107D01*
X0030172Y0050124D01*
X0030046Y0050144D01*
X0029921Y0050169D01*
X0029796Y0050197D01*
X0029672Y0050230D01*
X0029549Y0050266D01*
X0029428Y0050306D01*
X0029307Y0050349D01*
X0029189Y0050397D01*
X0029071Y0050448D01*
X0028956Y0050502D01*
X0028842Y0050561D01*
X0028729Y0050622D01*
X0028619Y0050687D01*
X0028511Y0050756D01*
X0028405Y0050828D01*
X0028302Y0050903D01*
X0028200Y0050981D01*
X0028102Y0051062D01*
X0028005Y0051147D01*
X0027912Y0051234D01*
X0027821Y0051324D01*
X0027733Y0051417D01*
X0027648Y0051512D01*
X0027566Y0051611D01*
X0027487Y0051711D01*
X0027411Y0051814D01*
X0027338Y0051920D01*
X0027269Y0052027D01*
X0027203Y0052137D01*
X0027141Y0052248D01*
X0027082Y0052362D01*
X0027026Y0052477D01*
X0026974Y0052594D01*
X0026926Y0052713D01*
X0026881Y0052833D01*
X0026840Y0052954D01*
X0026803Y0053076D01*
X0026770Y0053200D01*
X0026741Y0053324D01*
X0026715Y0053450D01*
X0026693Y0053576D01*
X0026676Y0053702D01*
X0026662Y0053830D01*
X0026652Y0053957D01*
X0026646Y0054085D01*
X0026644Y0054213D01*
X0026644Y0125079D02*
X0026646Y0125207D01*
X0026652Y0125335D01*
X0026662Y0125462D01*
X0026676Y0125590D01*
X0026693Y0125716D01*
X0026715Y0125842D01*
X0026741Y0125968D01*
X0026770Y0126092D01*
X0026803Y0126216D01*
X0026840Y0126338D01*
X0026881Y0126459D01*
X0026926Y0126579D01*
X0026974Y0126698D01*
X0027026Y0126815D01*
X0027082Y0126930D01*
X0027141Y0127044D01*
X0027203Y0127155D01*
X0027269Y0127265D01*
X0027338Y0127372D01*
X0027411Y0127478D01*
X0027487Y0127581D01*
X0027566Y0127681D01*
X0027648Y0127780D01*
X0027733Y0127875D01*
X0027821Y0127968D01*
X0027912Y0128058D01*
X0028005Y0128145D01*
X0028102Y0128230D01*
X0028200Y0128311D01*
X0028302Y0128389D01*
X0028405Y0128464D01*
X0028511Y0128536D01*
X0028619Y0128605D01*
X0028729Y0128670D01*
X0028842Y0128731D01*
X0028956Y0128790D01*
X0029071Y0128844D01*
X0029189Y0128895D01*
X0029307Y0128943D01*
X0029428Y0128986D01*
X0029549Y0129026D01*
X0029672Y0129062D01*
X0029796Y0129095D01*
X0029921Y0129123D01*
X0030046Y0129148D01*
X0030172Y0129168D01*
X0030299Y0129185D01*
X0030427Y0129198D01*
X0030554Y0129207D01*
X0030682Y0129212D01*
X0030810Y0129213D01*
X0030938Y0129210D01*
X0031066Y0129203D01*
X0031193Y0129192D01*
X0031320Y0129177D01*
X0031447Y0129159D01*
X0031573Y0129136D01*
X0031698Y0129109D01*
X0031822Y0129079D01*
X0031945Y0129045D01*
X0032068Y0129007D01*
X0032189Y0128965D01*
X0032308Y0128919D01*
X0032426Y0128870D01*
X0032543Y0128817D01*
X0032658Y0128761D01*
X0032771Y0128701D01*
X0032882Y0128638D01*
X0032991Y0128571D01*
X0033098Y0128501D01*
X0033203Y0128427D01*
X0033305Y0128351D01*
X0033405Y0128271D01*
X0033503Y0128188D01*
X0033598Y0128102D01*
X0033690Y0128013D01*
X0033779Y0127922D01*
X0033866Y0127828D01*
X0033949Y0127731D01*
X0034030Y0127631D01*
X0034107Y0127530D01*
X0034182Y0127425D01*
X0034253Y0127319D01*
X0034320Y0127210D01*
X0034385Y0127100D01*
X0034445Y0126987D01*
X0034503Y0126873D01*
X0034556Y0126757D01*
X0034606Y0126639D01*
X0034653Y0126520D01*
X0034696Y0126399D01*
X0034735Y0126277D01*
X0034770Y0126154D01*
X0034801Y0126030D01*
X0034829Y0125905D01*
X0034852Y0125779D01*
X0034872Y0125653D01*
X0034888Y0125526D01*
X0034900Y0125399D01*
X0034908Y0125271D01*
X0034912Y0125143D01*
X0034912Y0125015D01*
X0034908Y0124887D01*
X0034900Y0124759D01*
X0034888Y0124632D01*
X0034872Y0124505D01*
X0034852Y0124379D01*
X0034829Y0124253D01*
X0034801Y0124128D01*
X0034770Y0124004D01*
X0034735Y0123881D01*
X0034696Y0123759D01*
X0034653Y0123638D01*
X0034606Y0123519D01*
X0034556Y0123401D01*
X0034503Y0123285D01*
X0034445Y0123171D01*
X0034385Y0123058D01*
X0034320Y0122948D01*
X0034253Y0122839D01*
X0034182Y0122733D01*
X0034107Y0122628D01*
X0034030Y0122527D01*
X0033949Y0122427D01*
X0033866Y0122330D01*
X0033779Y0122236D01*
X0033690Y0122145D01*
X0033598Y0122056D01*
X0033503Y0121970D01*
X0033405Y0121887D01*
X0033305Y0121807D01*
X0033203Y0121731D01*
X0033098Y0121657D01*
X0032991Y0121587D01*
X0032882Y0121520D01*
X0032771Y0121457D01*
X0032658Y0121397D01*
X0032543Y0121341D01*
X0032426Y0121288D01*
X0032308Y0121239D01*
X0032189Y0121193D01*
X0032068Y0121151D01*
X0031945Y0121113D01*
X0031822Y0121079D01*
X0031698Y0121049D01*
X0031573Y0121022D01*
X0031447Y0120999D01*
X0031320Y0120981D01*
X0031193Y0120966D01*
X0031066Y0120955D01*
X0030938Y0120948D01*
X0030810Y0120945D01*
X0030682Y0120946D01*
X0030554Y0120951D01*
X0030427Y0120960D01*
X0030299Y0120973D01*
X0030172Y0120990D01*
X0030046Y0121010D01*
X0029921Y0121035D01*
X0029796Y0121063D01*
X0029672Y0121096D01*
X0029549Y0121132D01*
X0029428Y0121172D01*
X0029307Y0121215D01*
X0029189Y0121263D01*
X0029071Y0121314D01*
X0028956Y0121368D01*
X0028842Y0121427D01*
X0028729Y0121488D01*
X0028619Y0121553D01*
X0028511Y0121622D01*
X0028405Y0121694D01*
X0028302Y0121769D01*
X0028200Y0121847D01*
X0028102Y0121928D01*
X0028005Y0122013D01*
X0027912Y0122100D01*
X0027821Y0122190D01*
X0027733Y0122283D01*
X0027648Y0122378D01*
X0027566Y0122477D01*
X0027487Y0122577D01*
X0027411Y0122680D01*
X0027338Y0122786D01*
X0027269Y0122893D01*
X0027203Y0123003D01*
X0027141Y0123114D01*
X0027082Y0123228D01*
X0027026Y0123343D01*
X0026974Y0123460D01*
X0026926Y0123579D01*
X0026881Y0123699D01*
X0026840Y0123820D01*
X0026803Y0123942D01*
X0026770Y0124066D01*
X0026741Y0124190D01*
X0026715Y0124316D01*
X0026693Y0124442D01*
X0026676Y0124568D01*
X0026662Y0124696D01*
X0026652Y0124823D01*
X0026646Y0124951D01*
X0026644Y0125079D01*
X0153612Y0064055D02*
X0153616Y0064393D01*
X0153629Y0064731D01*
X0153649Y0065069D01*
X0153678Y0065406D01*
X0153716Y0065742D01*
X0153761Y0066077D01*
X0153815Y0066411D01*
X0153877Y0066743D01*
X0153947Y0067074D01*
X0154025Y0067403D01*
X0154111Y0067730D01*
X0154205Y0068055D01*
X0154308Y0068378D01*
X0154418Y0068697D01*
X0154535Y0069014D01*
X0154661Y0069328D01*
X0154794Y0069639D01*
X0154935Y0069947D01*
X0155083Y0070251D01*
X0155239Y0070551D01*
X0155402Y0070847D01*
X0155572Y0071139D01*
X0155750Y0071427D01*
X0155934Y0071711D01*
X0156126Y0071990D01*
X0156324Y0072264D01*
X0156529Y0072533D01*
X0156740Y0072797D01*
X0156958Y0073056D01*
X0157182Y0073309D01*
X0157412Y0073557D01*
X0157648Y0073799D01*
X0157890Y0074035D01*
X0158138Y0074265D01*
X0158391Y0074489D01*
X0158650Y0074707D01*
X0158914Y0074918D01*
X0159183Y0075123D01*
X0159457Y0075321D01*
X0159736Y0075513D01*
X0160020Y0075697D01*
X0160308Y0075875D01*
X0160600Y0076045D01*
X0160896Y0076208D01*
X0161196Y0076364D01*
X0161500Y0076512D01*
X0161808Y0076653D01*
X0162119Y0076786D01*
X0162433Y0076912D01*
X0162750Y0077029D01*
X0163069Y0077139D01*
X0163392Y0077242D01*
X0163717Y0077336D01*
X0164044Y0077422D01*
X0164373Y0077500D01*
X0164704Y0077570D01*
X0165036Y0077632D01*
X0165370Y0077686D01*
X0165705Y0077731D01*
X0166041Y0077769D01*
X0166378Y0077798D01*
X0166716Y0077818D01*
X0167054Y0077831D01*
X0167392Y0077835D01*
X0167730Y0077831D01*
X0168068Y0077818D01*
X0168406Y0077798D01*
X0168743Y0077769D01*
X0169079Y0077731D01*
X0169414Y0077686D01*
X0169748Y0077632D01*
X0170080Y0077570D01*
X0170411Y0077500D01*
X0170740Y0077422D01*
X0171067Y0077336D01*
X0171392Y0077242D01*
X0171715Y0077139D01*
X0172034Y0077029D01*
X0172351Y0076912D01*
X0172665Y0076786D01*
X0172976Y0076653D01*
X0173284Y0076512D01*
X0173588Y0076364D01*
X0173888Y0076208D01*
X0174184Y0076045D01*
X0174476Y0075875D01*
X0174764Y0075697D01*
X0175048Y0075513D01*
X0175327Y0075321D01*
X0175601Y0075123D01*
X0175870Y0074918D01*
X0176134Y0074707D01*
X0176393Y0074489D01*
X0176646Y0074265D01*
X0176894Y0074035D01*
X0177136Y0073799D01*
X0177372Y0073557D01*
X0177602Y0073309D01*
X0177826Y0073056D01*
X0178044Y0072797D01*
X0178255Y0072533D01*
X0178460Y0072264D01*
X0178658Y0071990D01*
X0178850Y0071711D01*
X0179034Y0071427D01*
X0179212Y0071139D01*
X0179382Y0070847D01*
X0179545Y0070551D01*
X0179701Y0070251D01*
X0179849Y0069947D01*
X0179990Y0069639D01*
X0180123Y0069328D01*
X0180249Y0069014D01*
X0180366Y0068697D01*
X0180476Y0068378D01*
X0180579Y0068055D01*
X0180673Y0067730D01*
X0180759Y0067403D01*
X0180837Y0067074D01*
X0180907Y0066743D01*
X0180969Y0066411D01*
X0181023Y0066077D01*
X0181068Y0065742D01*
X0181106Y0065406D01*
X0181135Y0065069D01*
X0181155Y0064731D01*
X0181168Y0064393D01*
X0181172Y0064055D01*
X0181168Y0063717D01*
X0181155Y0063379D01*
X0181135Y0063041D01*
X0181106Y0062704D01*
X0181068Y0062368D01*
X0181023Y0062033D01*
X0180969Y0061699D01*
X0180907Y0061367D01*
X0180837Y0061036D01*
X0180759Y0060707D01*
X0180673Y0060380D01*
X0180579Y0060055D01*
X0180476Y0059732D01*
X0180366Y0059413D01*
X0180249Y0059096D01*
X0180123Y0058782D01*
X0179990Y0058471D01*
X0179849Y0058163D01*
X0179701Y0057859D01*
X0179545Y0057559D01*
X0179382Y0057263D01*
X0179212Y0056971D01*
X0179034Y0056683D01*
X0178850Y0056399D01*
X0178658Y0056120D01*
X0178460Y0055846D01*
X0178255Y0055577D01*
X0178044Y0055313D01*
X0177826Y0055054D01*
X0177602Y0054801D01*
X0177372Y0054553D01*
X0177136Y0054311D01*
X0176894Y0054075D01*
X0176646Y0053845D01*
X0176393Y0053621D01*
X0176134Y0053403D01*
X0175870Y0053192D01*
X0175601Y0052987D01*
X0175327Y0052789D01*
X0175048Y0052597D01*
X0174764Y0052413D01*
X0174476Y0052235D01*
X0174184Y0052065D01*
X0173888Y0051902D01*
X0173588Y0051746D01*
X0173284Y0051598D01*
X0172976Y0051457D01*
X0172665Y0051324D01*
X0172351Y0051198D01*
X0172034Y0051081D01*
X0171715Y0050971D01*
X0171392Y0050868D01*
X0171067Y0050774D01*
X0170740Y0050688D01*
X0170411Y0050610D01*
X0170080Y0050540D01*
X0169748Y0050478D01*
X0169414Y0050424D01*
X0169079Y0050379D01*
X0168743Y0050341D01*
X0168406Y0050312D01*
X0168068Y0050292D01*
X0167730Y0050279D01*
X0167392Y0050275D01*
X0167054Y0050279D01*
X0166716Y0050292D01*
X0166378Y0050312D01*
X0166041Y0050341D01*
X0165705Y0050379D01*
X0165370Y0050424D01*
X0165036Y0050478D01*
X0164704Y0050540D01*
X0164373Y0050610D01*
X0164044Y0050688D01*
X0163717Y0050774D01*
X0163392Y0050868D01*
X0163069Y0050971D01*
X0162750Y0051081D01*
X0162433Y0051198D01*
X0162119Y0051324D01*
X0161808Y0051457D01*
X0161500Y0051598D01*
X0161196Y0051746D01*
X0160896Y0051902D01*
X0160600Y0052065D01*
X0160308Y0052235D01*
X0160020Y0052413D01*
X0159736Y0052597D01*
X0159457Y0052789D01*
X0159183Y0052987D01*
X0158914Y0053192D01*
X0158650Y0053403D01*
X0158391Y0053621D01*
X0158138Y0053845D01*
X0157890Y0054075D01*
X0157648Y0054311D01*
X0157412Y0054553D01*
X0157182Y0054801D01*
X0156958Y0055054D01*
X0156740Y0055313D01*
X0156529Y0055577D01*
X0156324Y0055846D01*
X0156126Y0056120D01*
X0155934Y0056399D01*
X0155750Y0056683D01*
X0155572Y0056971D01*
X0155402Y0057263D01*
X0155239Y0057559D01*
X0155083Y0057859D01*
X0154935Y0058163D01*
X0154794Y0058471D01*
X0154661Y0058782D01*
X0154535Y0059096D01*
X0154418Y0059413D01*
X0154308Y0059732D01*
X0154205Y0060055D01*
X0154111Y0060380D01*
X0154025Y0060707D01*
X0153947Y0061036D01*
X0153877Y0061367D01*
X0153815Y0061699D01*
X0153761Y0062033D01*
X0153716Y0062368D01*
X0153678Y0062704D01*
X0153649Y0063041D01*
X0153629Y0063379D01*
X0153616Y0063717D01*
X0153612Y0064055D01*
X0223494Y0054213D02*
X0223496Y0054341D01*
X0223502Y0054469D01*
X0223512Y0054596D01*
X0223526Y0054724D01*
X0223543Y0054850D01*
X0223565Y0054976D01*
X0223591Y0055102D01*
X0223620Y0055226D01*
X0223653Y0055350D01*
X0223690Y0055472D01*
X0223731Y0055593D01*
X0223776Y0055713D01*
X0223824Y0055832D01*
X0223876Y0055949D01*
X0223932Y0056064D01*
X0223991Y0056178D01*
X0224053Y0056289D01*
X0224119Y0056399D01*
X0224188Y0056506D01*
X0224261Y0056612D01*
X0224337Y0056715D01*
X0224416Y0056815D01*
X0224498Y0056914D01*
X0224583Y0057009D01*
X0224671Y0057102D01*
X0224762Y0057192D01*
X0224855Y0057279D01*
X0224952Y0057364D01*
X0225050Y0057445D01*
X0225152Y0057523D01*
X0225255Y0057598D01*
X0225361Y0057670D01*
X0225469Y0057739D01*
X0225579Y0057804D01*
X0225692Y0057865D01*
X0225806Y0057924D01*
X0225921Y0057978D01*
X0226039Y0058029D01*
X0226157Y0058077D01*
X0226278Y0058120D01*
X0226399Y0058160D01*
X0226522Y0058196D01*
X0226646Y0058229D01*
X0226771Y0058257D01*
X0226896Y0058282D01*
X0227022Y0058302D01*
X0227149Y0058319D01*
X0227277Y0058332D01*
X0227404Y0058341D01*
X0227532Y0058346D01*
X0227660Y0058347D01*
X0227788Y0058344D01*
X0227916Y0058337D01*
X0228043Y0058326D01*
X0228170Y0058311D01*
X0228297Y0058293D01*
X0228423Y0058270D01*
X0228548Y0058243D01*
X0228672Y0058213D01*
X0228795Y0058179D01*
X0228918Y0058141D01*
X0229039Y0058099D01*
X0229158Y0058053D01*
X0229276Y0058004D01*
X0229393Y0057951D01*
X0229508Y0057895D01*
X0229621Y0057835D01*
X0229732Y0057772D01*
X0229841Y0057705D01*
X0229948Y0057635D01*
X0230053Y0057561D01*
X0230155Y0057485D01*
X0230255Y0057405D01*
X0230353Y0057322D01*
X0230448Y0057236D01*
X0230540Y0057147D01*
X0230629Y0057056D01*
X0230716Y0056962D01*
X0230799Y0056865D01*
X0230880Y0056765D01*
X0230957Y0056664D01*
X0231032Y0056559D01*
X0231103Y0056453D01*
X0231170Y0056344D01*
X0231235Y0056234D01*
X0231295Y0056121D01*
X0231353Y0056007D01*
X0231406Y0055891D01*
X0231456Y0055773D01*
X0231503Y0055654D01*
X0231546Y0055533D01*
X0231585Y0055411D01*
X0231620Y0055288D01*
X0231651Y0055164D01*
X0231679Y0055039D01*
X0231702Y0054913D01*
X0231722Y0054787D01*
X0231738Y0054660D01*
X0231750Y0054533D01*
X0231758Y0054405D01*
X0231762Y0054277D01*
X0231762Y0054149D01*
X0231758Y0054021D01*
X0231750Y0053893D01*
X0231738Y0053766D01*
X0231722Y0053639D01*
X0231702Y0053513D01*
X0231679Y0053387D01*
X0231651Y0053262D01*
X0231620Y0053138D01*
X0231585Y0053015D01*
X0231546Y0052893D01*
X0231503Y0052772D01*
X0231456Y0052653D01*
X0231406Y0052535D01*
X0231353Y0052419D01*
X0231295Y0052305D01*
X0231235Y0052192D01*
X0231170Y0052082D01*
X0231103Y0051973D01*
X0231032Y0051867D01*
X0230957Y0051762D01*
X0230880Y0051661D01*
X0230799Y0051561D01*
X0230716Y0051464D01*
X0230629Y0051370D01*
X0230540Y0051279D01*
X0230448Y0051190D01*
X0230353Y0051104D01*
X0230255Y0051021D01*
X0230155Y0050941D01*
X0230053Y0050865D01*
X0229948Y0050791D01*
X0229841Y0050721D01*
X0229732Y0050654D01*
X0229621Y0050591D01*
X0229508Y0050531D01*
X0229393Y0050475D01*
X0229276Y0050422D01*
X0229158Y0050373D01*
X0229039Y0050327D01*
X0228918Y0050285D01*
X0228795Y0050247D01*
X0228672Y0050213D01*
X0228548Y0050183D01*
X0228423Y0050156D01*
X0228297Y0050133D01*
X0228170Y0050115D01*
X0228043Y0050100D01*
X0227916Y0050089D01*
X0227788Y0050082D01*
X0227660Y0050079D01*
X0227532Y0050080D01*
X0227404Y0050085D01*
X0227277Y0050094D01*
X0227149Y0050107D01*
X0227022Y0050124D01*
X0226896Y0050144D01*
X0226771Y0050169D01*
X0226646Y0050197D01*
X0226522Y0050230D01*
X0226399Y0050266D01*
X0226278Y0050306D01*
X0226157Y0050349D01*
X0226039Y0050397D01*
X0225921Y0050448D01*
X0225806Y0050502D01*
X0225692Y0050561D01*
X0225579Y0050622D01*
X0225469Y0050687D01*
X0225361Y0050756D01*
X0225255Y0050828D01*
X0225152Y0050903D01*
X0225050Y0050981D01*
X0224952Y0051062D01*
X0224855Y0051147D01*
X0224762Y0051234D01*
X0224671Y0051324D01*
X0224583Y0051417D01*
X0224498Y0051512D01*
X0224416Y0051611D01*
X0224337Y0051711D01*
X0224261Y0051814D01*
X0224188Y0051920D01*
X0224119Y0052027D01*
X0224053Y0052137D01*
X0223991Y0052248D01*
X0223932Y0052362D01*
X0223876Y0052477D01*
X0223824Y0052594D01*
X0223776Y0052713D01*
X0223731Y0052833D01*
X0223690Y0052954D01*
X0223653Y0053076D01*
X0223620Y0053200D01*
X0223591Y0053324D01*
X0223565Y0053450D01*
X0223543Y0053576D01*
X0223526Y0053702D01*
X0223512Y0053830D01*
X0223502Y0053957D01*
X0223496Y0054085D01*
X0223494Y0054213D01*
X0223494Y0125079D02*
X0223496Y0125207D01*
X0223502Y0125335D01*
X0223512Y0125462D01*
X0223526Y0125590D01*
X0223543Y0125716D01*
X0223565Y0125842D01*
X0223591Y0125968D01*
X0223620Y0126092D01*
X0223653Y0126216D01*
X0223690Y0126338D01*
X0223731Y0126459D01*
X0223776Y0126579D01*
X0223824Y0126698D01*
X0223876Y0126815D01*
X0223932Y0126930D01*
X0223991Y0127044D01*
X0224053Y0127155D01*
X0224119Y0127265D01*
X0224188Y0127372D01*
X0224261Y0127478D01*
X0224337Y0127581D01*
X0224416Y0127681D01*
X0224498Y0127780D01*
X0224583Y0127875D01*
X0224671Y0127968D01*
X0224762Y0128058D01*
X0224855Y0128145D01*
X0224952Y0128230D01*
X0225050Y0128311D01*
X0225152Y0128389D01*
X0225255Y0128464D01*
X0225361Y0128536D01*
X0225469Y0128605D01*
X0225579Y0128670D01*
X0225692Y0128731D01*
X0225806Y0128790D01*
X0225921Y0128844D01*
X0226039Y0128895D01*
X0226157Y0128943D01*
X0226278Y0128986D01*
X0226399Y0129026D01*
X0226522Y0129062D01*
X0226646Y0129095D01*
X0226771Y0129123D01*
X0226896Y0129148D01*
X0227022Y0129168D01*
X0227149Y0129185D01*
X0227277Y0129198D01*
X0227404Y0129207D01*
X0227532Y0129212D01*
X0227660Y0129213D01*
X0227788Y0129210D01*
X0227916Y0129203D01*
X0228043Y0129192D01*
X0228170Y0129177D01*
X0228297Y0129159D01*
X0228423Y0129136D01*
X0228548Y0129109D01*
X0228672Y0129079D01*
X0228795Y0129045D01*
X0228918Y0129007D01*
X0229039Y0128965D01*
X0229158Y0128919D01*
X0229276Y0128870D01*
X0229393Y0128817D01*
X0229508Y0128761D01*
X0229621Y0128701D01*
X0229732Y0128638D01*
X0229841Y0128571D01*
X0229948Y0128501D01*
X0230053Y0128427D01*
X0230155Y0128351D01*
X0230255Y0128271D01*
X0230353Y0128188D01*
X0230448Y0128102D01*
X0230540Y0128013D01*
X0230629Y0127922D01*
X0230716Y0127828D01*
X0230799Y0127731D01*
X0230880Y0127631D01*
X0230957Y0127530D01*
X0231032Y0127425D01*
X0231103Y0127319D01*
X0231170Y0127210D01*
X0231235Y0127100D01*
X0231295Y0126987D01*
X0231353Y0126873D01*
X0231406Y0126757D01*
X0231456Y0126639D01*
X0231503Y0126520D01*
X0231546Y0126399D01*
X0231585Y0126277D01*
X0231620Y0126154D01*
X0231651Y0126030D01*
X0231679Y0125905D01*
X0231702Y0125779D01*
X0231722Y0125653D01*
X0231738Y0125526D01*
X0231750Y0125399D01*
X0231758Y0125271D01*
X0231762Y0125143D01*
X0231762Y0125015D01*
X0231758Y0124887D01*
X0231750Y0124759D01*
X0231738Y0124632D01*
X0231722Y0124505D01*
X0231702Y0124379D01*
X0231679Y0124253D01*
X0231651Y0124128D01*
X0231620Y0124004D01*
X0231585Y0123881D01*
X0231546Y0123759D01*
X0231503Y0123638D01*
X0231456Y0123519D01*
X0231406Y0123401D01*
X0231353Y0123285D01*
X0231295Y0123171D01*
X0231235Y0123058D01*
X0231170Y0122948D01*
X0231103Y0122839D01*
X0231032Y0122733D01*
X0230957Y0122628D01*
X0230880Y0122527D01*
X0230799Y0122427D01*
X0230716Y0122330D01*
X0230629Y0122236D01*
X0230540Y0122145D01*
X0230448Y0122056D01*
X0230353Y0121970D01*
X0230255Y0121887D01*
X0230155Y0121807D01*
X0230053Y0121731D01*
X0229948Y0121657D01*
X0229841Y0121587D01*
X0229732Y0121520D01*
X0229621Y0121457D01*
X0229508Y0121397D01*
X0229393Y0121341D01*
X0229276Y0121288D01*
X0229158Y0121239D01*
X0229039Y0121193D01*
X0228918Y0121151D01*
X0228795Y0121113D01*
X0228672Y0121079D01*
X0228548Y0121049D01*
X0228423Y0121022D01*
X0228297Y0120999D01*
X0228170Y0120981D01*
X0228043Y0120966D01*
X0227916Y0120955D01*
X0227788Y0120948D01*
X0227660Y0120945D01*
X0227532Y0120946D01*
X0227404Y0120951D01*
X0227277Y0120960D01*
X0227149Y0120973D01*
X0227022Y0120990D01*
X0226896Y0121010D01*
X0226771Y0121035D01*
X0226646Y0121063D01*
X0226522Y0121096D01*
X0226399Y0121132D01*
X0226278Y0121172D01*
X0226157Y0121215D01*
X0226039Y0121263D01*
X0225921Y0121314D01*
X0225806Y0121368D01*
X0225692Y0121427D01*
X0225579Y0121488D01*
X0225469Y0121553D01*
X0225361Y0121622D01*
X0225255Y0121694D01*
X0225152Y0121769D01*
X0225050Y0121847D01*
X0224952Y0121928D01*
X0224855Y0122013D01*
X0224762Y0122100D01*
X0224671Y0122190D01*
X0224583Y0122283D01*
X0224498Y0122378D01*
X0224416Y0122477D01*
X0224337Y0122577D01*
X0224261Y0122680D01*
X0224188Y0122786D01*
X0224119Y0122893D01*
X0224053Y0123003D01*
X0223991Y0123114D01*
X0223932Y0123228D01*
X0223876Y0123343D01*
X0223824Y0123460D01*
X0223776Y0123579D01*
X0223731Y0123699D01*
X0223690Y0123820D01*
X0223653Y0123942D01*
X0223620Y0124066D01*
X0223591Y0124190D01*
X0223565Y0124316D01*
X0223543Y0124442D01*
X0223526Y0124568D01*
X0223512Y0124696D01*
X0223502Y0124823D01*
X0223496Y0124951D01*
X0223494Y0125079D01*
M02*
