G75*
%MOIN*%
%OFA0B0*%
%FSLAX25Y25*%
%IPPOS*%
%LPD*%
%AMOC8*
5,1,8,0,0,1.08239X$1,22.5*
%
%ADD10C,0.00000*%
D10*
X0002294Y0001591D02*
X0002294Y0119701D01*
X0120404Y0119701D01*
X0120404Y0001591D01*
X0002294Y0001591D01*
X0008200Y0011433D02*
X0008202Y0011558D01*
X0008208Y0011683D01*
X0008218Y0011807D01*
X0008232Y0011931D01*
X0008249Y0012055D01*
X0008271Y0012178D01*
X0008297Y0012300D01*
X0008326Y0012422D01*
X0008359Y0012542D01*
X0008397Y0012661D01*
X0008437Y0012780D01*
X0008482Y0012896D01*
X0008530Y0013011D01*
X0008582Y0013125D01*
X0008638Y0013237D01*
X0008697Y0013347D01*
X0008759Y0013455D01*
X0008825Y0013562D01*
X0008894Y0013666D01*
X0008967Y0013767D01*
X0009042Y0013867D01*
X0009121Y0013964D01*
X0009203Y0014058D01*
X0009288Y0014150D01*
X0009375Y0014239D01*
X0009466Y0014325D01*
X0009559Y0014408D01*
X0009655Y0014489D01*
X0009753Y0014566D01*
X0009853Y0014640D01*
X0009956Y0014711D01*
X0010061Y0014778D01*
X0010169Y0014843D01*
X0010278Y0014903D01*
X0010389Y0014961D01*
X0010502Y0015014D01*
X0010616Y0015064D01*
X0010732Y0015111D01*
X0010849Y0015153D01*
X0010968Y0015192D01*
X0011088Y0015228D01*
X0011209Y0015259D01*
X0011331Y0015287D01*
X0011453Y0015310D01*
X0011577Y0015330D01*
X0011701Y0015346D01*
X0011825Y0015358D01*
X0011950Y0015366D01*
X0012075Y0015370D01*
X0012199Y0015370D01*
X0012324Y0015366D01*
X0012449Y0015358D01*
X0012573Y0015346D01*
X0012697Y0015330D01*
X0012821Y0015310D01*
X0012943Y0015287D01*
X0013065Y0015259D01*
X0013186Y0015228D01*
X0013306Y0015192D01*
X0013425Y0015153D01*
X0013542Y0015111D01*
X0013658Y0015064D01*
X0013772Y0015014D01*
X0013885Y0014961D01*
X0013996Y0014903D01*
X0014106Y0014843D01*
X0014213Y0014778D01*
X0014318Y0014711D01*
X0014421Y0014640D01*
X0014521Y0014566D01*
X0014619Y0014489D01*
X0014715Y0014408D01*
X0014808Y0014325D01*
X0014899Y0014239D01*
X0014986Y0014150D01*
X0015071Y0014058D01*
X0015153Y0013964D01*
X0015232Y0013867D01*
X0015307Y0013767D01*
X0015380Y0013666D01*
X0015449Y0013562D01*
X0015515Y0013455D01*
X0015577Y0013347D01*
X0015636Y0013237D01*
X0015692Y0013125D01*
X0015744Y0013011D01*
X0015792Y0012896D01*
X0015837Y0012780D01*
X0015877Y0012661D01*
X0015915Y0012542D01*
X0015948Y0012422D01*
X0015977Y0012300D01*
X0016003Y0012178D01*
X0016025Y0012055D01*
X0016042Y0011931D01*
X0016056Y0011807D01*
X0016066Y0011683D01*
X0016072Y0011558D01*
X0016074Y0011433D01*
X0016072Y0011308D01*
X0016066Y0011183D01*
X0016056Y0011059D01*
X0016042Y0010935D01*
X0016025Y0010811D01*
X0016003Y0010688D01*
X0015977Y0010566D01*
X0015948Y0010444D01*
X0015915Y0010324D01*
X0015877Y0010205D01*
X0015837Y0010086D01*
X0015792Y0009970D01*
X0015744Y0009855D01*
X0015692Y0009741D01*
X0015636Y0009629D01*
X0015577Y0009519D01*
X0015515Y0009411D01*
X0015449Y0009304D01*
X0015380Y0009200D01*
X0015307Y0009099D01*
X0015232Y0008999D01*
X0015153Y0008902D01*
X0015071Y0008808D01*
X0014986Y0008716D01*
X0014899Y0008627D01*
X0014808Y0008541D01*
X0014715Y0008458D01*
X0014619Y0008377D01*
X0014521Y0008300D01*
X0014421Y0008226D01*
X0014318Y0008155D01*
X0014213Y0008088D01*
X0014105Y0008023D01*
X0013996Y0007963D01*
X0013885Y0007905D01*
X0013772Y0007852D01*
X0013658Y0007802D01*
X0013542Y0007755D01*
X0013425Y0007713D01*
X0013306Y0007674D01*
X0013186Y0007638D01*
X0013065Y0007607D01*
X0012943Y0007579D01*
X0012821Y0007556D01*
X0012697Y0007536D01*
X0012573Y0007520D01*
X0012449Y0007508D01*
X0012324Y0007500D01*
X0012199Y0007496D01*
X0012075Y0007496D01*
X0011950Y0007500D01*
X0011825Y0007508D01*
X0011701Y0007520D01*
X0011577Y0007536D01*
X0011453Y0007556D01*
X0011331Y0007579D01*
X0011209Y0007607D01*
X0011088Y0007638D01*
X0010968Y0007674D01*
X0010849Y0007713D01*
X0010732Y0007755D01*
X0010616Y0007802D01*
X0010502Y0007852D01*
X0010389Y0007905D01*
X0010278Y0007963D01*
X0010168Y0008023D01*
X0010061Y0008088D01*
X0009956Y0008155D01*
X0009853Y0008226D01*
X0009753Y0008300D01*
X0009655Y0008377D01*
X0009559Y0008458D01*
X0009466Y0008541D01*
X0009375Y0008627D01*
X0009288Y0008716D01*
X0009203Y0008808D01*
X0009121Y0008902D01*
X0009042Y0008999D01*
X0008967Y0009099D01*
X0008894Y0009200D01*
X0008825Y0009304D01*
X0008759Y0009411D01*
X0008697Y0009519D01*
X0008638Y0009629D01*
X0008582Y0009741D01*
X0008530Y0009855D01*
X0008482Y0009970D01*
X0008437Y0010086D01*
X0008397Y0010205D01*
X0008359Y0010324D01*
X0008326Y0010444D01*
X0008297Y0010566D01*
X0008271Y0010688D01*
X0008249Y0010811D01*
X0008232Y0010935D01*
X0008218Y0011059D01*
X0008208Y0011183D01*
X0008202Y0011308D01*
X0008200Y0011433D01*
X0106625Y0011433D02*
X0106627Y0011558D01*
X0106633Y0011683D01*
X0106643Y0011807D01*
X0106657Y0011931D01*
X0106674Y0012055D01*
X0106696Y0012178D01*
X0106722Y0012300D01*
X0106751Y0012422D01*
X0106784Y0012542D01*
X0106822Y0012661D01*
X0106862Y0012780D01*
X0106907Y0012896D01*
X0106955Y0013011D01*
X0107007Y0013125D01*
X0107063Y0013237D01*
X0107122Y0013347D01*
X0107184Y0013455D01*
X0107250Y0013562D01*
X0107319Y0013666D01*
X0107392Y0013767D01*
X0107467Y0013867D01*
X0107546Y0013964D01*
X0107628Y0014058D01*
X0107713Y0014150D01*
X0107800Y0014239D01*
X0107891Y0014325D01*
X0107984Y0014408D01*
X0108080Y0014489D01*
X0108178Y0014566D01*
X0108278Y0014640D01*
X0108381Y0014711D01*
X0108486Y0014778D01*
X0108594Y0014843D01*
X0108703Y0014903D01*
X0108814Y0014961D01*
X0108927Y0015014D01*
X0109041Y0015064D01*
X0109157Y0015111D01*
X0109274Y0015153D01*
X0109393Y0015192D01*
X0109513Y0015228D01*
X0109634Y0015259D01*
X0109756Y0015287D01*
X0109878Y0015310D01*
X0110002Y0015330D01*
X0110126Y0015346D01*
X0110250Y0015358D01*
X0110375Y0015366D01*
X0110500Y0015370D01*
X0110624Y0015370D01*
X0110749Y0015366D01*
X0110874Y0015358D01*
X0110998Y0015346D01*
X0111122Y0015330D01*
X0111246Y0015310D01*
X0111368Y0015287D01*
X0111490Y0015259D01*
X0111611Y0015228D01*
X0111731Y0015192D01*
X0111850Y0015153D01*
X0111967Y0015111D01*
X0112083Y0015064D01*
X0112197Y0015014D01*
X0112310Y0014961D01*
X0112421Y0014903D01*
X0112531Y0014843D01*
X0112638Y0014778D01*
X0112743Y0014711D01*
X0112846Y0014640D01*
X0112946Y0014566D01*
X0113044Y0014489D01*
X0113140Y0014408D01*
X0113233Y0014325D01*
X0113324Y0014239D01*
X0113411Y0014150D01*
X0113496Y0014058D01*
X0113578Y0013964D01*
X0113657Y0013867D01*
X0113732Y0013767D01*
X0113805Y0013666D01*
X0113874Y0013562D01*
X0113940Y0013455D01*
X0114002Y0013347D01*
X0114061Y0013237D01*
X0114117Y0013125D01*
X0114169Y0013011D01*
X0114217Y0012896D01*
X0114262Y0012780D01*
X0114302Y0012661D01*
X0114340Y0012542D01*
X0114373Y0012422D01*
X0114402Y0012300D01*
X0114428Y0012178D01*
X0114450Y0012055D01*
X0114467Y0011931D01*
X0114481Y0011807D01*
X0114491Y0011683D01*
X0114497Y0011558D01*
X0114499Y0011433D01*
X0114497Y0011308D01*
X0114491Y0011183D01*
X0114481Y0011059D01*
X0114467Y0010935D01*
X0114450Y0010811D01*
X0114428Y0010688D01*
X0114402Y0010566D01*
X0114373Y0010444D01*
X0114340Y0010324D01*
X0114302Y0010205D01*
X0114262Y0010086D01*
X0114217Y0009970D01*
X0114169Y0009855D01*
X0114117Y0009741D01*
X0114061Y0009629D01*
X0114002Y0009519D01*
X0113940Y0009411D01*
X0113874Y0009304D01*
X0113805Y0009200D01*
X0113732Y0009099D01*
X0113657Y0008999D01*
X0113578Y0008902D01*
X0113496Y0008808D01*
X0113411Y0008716D01*
X0113324Y0008627D01*
X0113233Y0008541D01*
X0113140Y0008458D01*
X0113044Y0008377D01*
X0112946Y0008300D01*
X0112846Y0008226D01*
X0112743Y0008155D01*
X0112638Y0008088D01*
X0112530Y0008023D01*
X0112421Y0007963D01*
X0112310Y0007905D01*
X0112197Y0007852D01*
X0112083Y0007802D01*
X0111967Y0007755D01*
X0111850Y0007713D01*
X0111731Y0007674D01*
X0111611Y0007638D01*
X0111490Y0007607D01*
X0111368Y0007579D01*
X0111246Y0007556D01*
X0111122Y0007536D01*
X0110998Y0007520D01*
X0110874Y0007508D01*
X0110749Y0007500D01*
X0110624Y0007496D01*
X0110500Y0007496D01*
X0110375Y0007500D01*
X0110250Y0007508D01*
X0110126Y0007520D01*
X0110002Y0007536D01*
X0109878Y0007556D01*
X0109756Y0007579D01*
X0109634Y0007607D01*
X0109513Y0007638D01*
X0109393Y0007674D01*
X0109274Y0007713D01*
X0109157Y0007755D01*
X0109041Y0007802D01*
X0108927Y0007852D01*
X0108814Y0007905D01*
X0108703Y0007963D01*
X0108593Y0008023D01*
X0108486Y0008088D01*
X0108381Y0008155D01*
X0108278Y0008226D01*
X0108178Y0008300D01*
X0108080Y0008377D01*
X0107984Y0008458D01*
X0107891Y0008541D01*
X0107800Y0008627D01*
X0107713Y0008716D01*
X0107628Y0008808D01*
X0107546Y0008902D01*
X0107467Y0008999D01*
X0107392Y0009099D01*
X0107319Y0009200D01*
X0107250Y0009304D01*
X0107184Y0009411D01*
X0107122Y0009519D01*
X0107063Y0009629D01*
X0107007Y0009741D01*
X0106955Y0009855D01*
X0106907Y0009970D01*
X0106862Y0010086D01*
X0106822Y0010205D01*
X0106784Y0010324D01*
X0106751Y0010444D01*
X0106722Y0010566D01*
X0106696Y0010688D01*
X0106674Y0010811D01*
X0106657Y0010935D01*
X0106643Y0011059D01*
X0106633Y0011183D01*
X0106627Y0011308D01*
X0106625Y0011433D01*
X0106625Y0109858D02*
X0106627Y0109983D01*
X0106633Y0110108D01*
X0106643Y0110232D01*
X0106657Y0110356D01*
X0106674Y0110480D01*
X0106696Y0110603D01*
X0106722Y0110725D01*
X0106751Y0110847D01*
X0106784Y0110967D01*
X0106822Y0111086D01*
X0106862Y0111205D01*
X0106907Y0111321D01*
X0106955Y0111436D01*
X0107007Y0111550D01*
X0107063Y0111662D01*
X0107122Y0111772D01*
X0107184Y0111880D01*
X0107250Y0111987D01*
X0107319Y0112091D01*
X0107392Y0112192D01*
X0107467Y0112292D01*
X0107546Y0112389D01*
X0107628Y0112483D01*
X0107713Y0112575D01*
X0107800Y0112664D01*
X0107891Y0112750D01*
X0107984Y0112833D01*
X0108080Y0112914D01*
X0108178Y0112991D01*
X0108278Y0113065D01*
X0108381Y0113136D01*
X0108486Y0113203D01*
X0108594Y0113268D01*
X0108703Y0113328D01*
X0108814Y0113386D01*
X0108927Y0113439D01*
X0109041Y0113489D01*
X0109157Y0113536D01*
X0109274Y0113578D01*
X0109393Y0113617D01*
X0109513Y0113653D01*
X0109634Y0113684D01*
X0109756Y0113712D01*
X0109878Y0113735D01*
X0110002Y0113755D01*
X0110126Y0113771D01*
X0110250Y0113783D01*
X0110375Y0113791D01*
X0110500Y0113795D01*
X0110624Y0113795D01*
X0110749Y0113791D01*
X0110874Y0113783D01*
X0110998Y0113771D01*
X0111122Y0113755D01*
X0111246Y0113735D01*
X0111368Y0113712D01*
X0111490Y0113684D01*
X0111611Y0113653D01*
X0111731Y0113617D01*
X0111850Y0113578D01*
X0111967Y0113536D01*
X0112083Y0113489D01*
X0112197Y0113439D01*
X0112310Y0113386D01*
X0112421Y0113328D01*
X0112531Y0113268D01*
X0112638Y0113203D01*
X0112743Y0113136D01*
X0112846Y0113065D01*
X0112946Y0112991D01*
X0113044Y0112914D01*
X0113140Y0112833D01*
X0113233Y0112750D01*
X0113324Y0112664D01*
X0113411Y0112575D01*
X0113496Y0112483D01*
X0113578Y0112389D01*
X0113657Y0112292D01*
X0113732Y0112192D01*
X0113805Y0112091D01*
X0113874Y0111987D01*
X0113940Y0111880D01*
X0114002Y0111772D01*
X0114061Y0111662D01*
X0114117Y0111550D01*
X0114169Y0111436D01*
X0114217Y0111321D01*
X0114262Y0111205D01*
X0114302Y0111086D01*
X0114340Y0110967D01*
X0114373Y0110847D01*
X0114402Y0110725D01*
X0114428Y0110603D01*
X0114450Y0110480D01*
X0114467Y0110356D01*
X0114481Y0110232D01*
X0114491Y0110108D01*
X0114497Y0109983D01*
X0114499Y0109858D01*
X0114497Y0109733D01*
X0114491Y0109608D01*
X0114481Y0109484D01*
X0114467Y0109360D01*
X0114450Y0109236D01*
X0114428Y0109113D01*
X0114402Y0108991D01*
X0114373Y0108869D01*
X0114340Y0108749D01*
X0114302Y0108630D01*
X0114262Y0108511D01*
X0114217Y0108395D01*
X0114169Y0108280D01*
X0114117Y0108166D01*
X0114061Y0108054D01*
X0114002Y0107944D01*
X0113940Y0107836D01*
X0113874Y0107729D01*
X0113805Y0107625D01*
X0113732Y0107524D01*
X0113657Y0107424D01*
X0113578Y0107327D01*
X0113496Y0107233D01*
X0113411Y0107141D01*
X0113324Y0107052D01*
X0113233Y0106966D01*
X0113140Y0106883D01*
X0113044Y0106802D01*
X0112946Y0106725D01*
X0112846Y0106651D01*
X0112743Y0106580D01*
X0112638Y0106513D01*
X0112530Y0106448D01*
X0112421Y0106388D01*
X0112310Y0106330D01*
X0112197Y0106277D01*
X0112083Y0106227D01*
X0111967Y0106180D01*
X0111850Y0106138D01*
X0111731Y0106099D01*
X0111611Y0106063D01*
X0111490Y0106032D01*
X0111368Y0106004D01*
X0111246Y0105981D01*
X0111122Y0105961D01*
X0110998Y0105945D01*
X0110874Y0105933D01*
X0110749Y0105925D01*
X0110624Y0105921D01*
X0110500Y0105921D01*
X0110375Y0105925D01*
X0110250Y0105933D01*
X0110126Y0105945D01*
X0110002Y0105961D01*
X0109878Y0105981D01*
X0109756Y0106004D01*
X0109634Y0106032D01*
X0109513Y0106063D01*
X0109393Y0106099D01*
X0109274Y0106138D01*
X0109157Y0106180D01*
X0109041Y0106227D01*
X0108927Y0106277D01*
X0108814Y0106330D01*
X0108703Y0106388D01*
X0108593Y0106448D01*
X0108486Y0106513D01*
X0108381Y0106580D01*
X0108278Y0106651D01*
X0108178Y0106725D01*
X0108080Y0106802D01*
X0107984Y0106883D01*
X0107891Y0106966D01*
X0107800Y0107052D01*
X0107713Y0107141D01*
X0107628Y0107233D01*
X0107546Y0107327D01*
X0107467Y0107424D01*
X0107392Y0107524D01*
X0107319Y0107625D01*
X0107250Y0107729D01*
X0107184Y0107836D01*
X0107122Y0107944D01*
X0107063Y0108054D01*
X0107007Y0108166D01*
X0106955Y0108280D01*
X0106907Y0108395D01*
X0106862Y0108511D01*
X0106822Y0108630D01*
X0106784Y0108749D01*
X0106751Y0108869D01*
X0106722Y0108991D01*
X0106696Y0109113D01*
X0106674Y0109236D01*
X0106657Y0109360D01*
X0106643Y0109484D01*
X0106633Y0109608D01*
X0106627Y0109733D01*
X0106625Y0109858D01*
X0008200Y0109858D02*
X0008202Y0109983D01*
X0008208Y0110108D01*
X0008218Y0110232D01*
X0008232Y0110356D01*
X0008249Y0110480D01*
X0008271Y0110603D01*
X0008297Y0110725D01*
X0008326Y0110847D01*
X0008359Y0110967D01*
X0008397Y0111086D01*
X0008437Y0111205D01*
X0008482Y0111321D01*
X0008530Y0111436D01*
X0008582Y0111550D01*
X0008638Y0111662D01*
X0008697Y0111772D01*
X0008759Y0111880D01*
X0008825Y0111987D01*
X0008894Y0112091D01*
X0008967Y0112192D01*
X0009042Y0112292D01*
X0009121Y0112389D01*
X0009203Y0112483D01*
X0009288Y0112575D01*
X0009375Y0112664D01*
X0009466Y0112750D01*
X0009559Y0112833D01*
X0009655Y0112914D01*
X0009753Y0112991D01*
X0009853Y0113065D01*
X0009956Y0113136D01*
X0010061Y0113203D01*
X0010169Y0113268D01*
X0010278Y0113328D01*
X0010389Y0113386D01*
X0010502Y0113439D01*
X0010616Y0113489D01*
X0010732Y0113536D01*
X0010849Y0113578D01*
X0010968Y0113617D01*
X0011088Y0113653D01*
X0011209Y0113684D01*
X0011331Y0113712D01*
X0011453Y0113735D01*
X0011577Y0113755D01*
X0011701Y0113771D01*
X0011825Y0113783D01*
X0011950Y0113791D01*
X0012075Y0113795D01*
X0012199Y0113795D01*
X0012324Y0113791D01*
X0012449Y0113783D01*
X0012573Y0113771D01*
X0012697Y0113755D01*
X0012821Y0113735D01*
X0012943Y0113712D01*
X0013065Y0113684D01*
X0013186Y0113653D01*
X0013306Y0113617D01*
X0013425Y0113578D01*
X0013542Y0113536D01*
X0013658Y0113489D01*
X0013772Y0113439D01*
X0013885Y0113386D01*
X0013996Y0113328D01*
X0014106Y0113268D01*
X0014213Y0113203D01*
X0014318Y0113136D01*
X0014421Y0113065D01*
X0014521Y0112991D01*
X0014619Y0112914D01*
X0014715Y0112833D01*
X0014808Y0112750D01*
X0014899Y0112664D01*
X0014986Y0112575D01*
X0015071Y0112483D01*
X0015153Y0112389D01*
X0015232Y0112292D01*
X0015307Y0112192D01*
X0015380Y0112091D01*
X0015449Y0111987D01*
X0015515Y0111880D01*
X0015577Y0111772D01*
X0015636Y0111662D01*
X0015692Y0111550D01*
X0015744Y0111436D01*
X0015792Y0111321D01*
X0015837Y0111205D01*
X0015877Y0111086D01*
X0015915Y0110967D01*
X0015948Y0110847D01*
X0015977Y0110725D01*
X0016003Y0110603D01*
X0016025Y0110480D01*
X0016042Y0110356D01*
X0016056Y0110232D01*
X0016066Y0110108D01*
X0016072Y0109983D01*
X0016074Y0109858D01*
X0016072Y0109733D01*
X0016066Y0109608D01*
X0016056Y0109484D01*
X0016042Y0109360D01*
X0016025Y0109236D01*
X0016003Y0109113D01*
X0015977Y0108991D01*
X0015948Y0108869D01*
X0015915Y0108749D01*
X0015877Y0108630D01*
X0015837Y0108511D01*
X0015792Y0108395D01*
X0015744Y0108280D01*
X0015692Y0108166D01*
X0015636Y0108054D01*
X0015577Y0107944D01*
X0015515Y0107836D01*
X0015449Y0107729D01*
X0015380Y0107625D01*
X0015307Y0107524D01*
X0015232Y0107424D01*
X0015153Y0107327D01*
X0015071Y0107233D01*
X0014986Y0107141D01*
X0014899Y0107052D01*
X0014808Y0106966D01*
X0014715Y0106883D01*
X0014619Y0106802D01*
X0014521Y0106725D01*
X0014421Y0106651D01*
X0014318Y0106580D01*
X0014213Y0106513D01*
X0014105Y0106448D01*
X0013996Y0106388D01*
X0013885Y0106330D01*
X0013772Y0106277D01*
X0013658Y0106227D01*
X0013542Y0106180D01*
X0013425Y0106138D01*
X0013306Y0106099D01*
X0013186Y0106063D01*
X0013065Y0106032D01*
X0012943Y0106004D01*
X0012821Y0105981D01*
X0012697Y0105961D01*
X0012573Y0105945D01*
X0012449Y0105933D01*
X0012324Y0105925D01*
X0012199Y0105921D01*
X0012075Y0105921D01*
X0011950Y0105925D01*
X0011825Y0105933D01*
X0011701Y0105945D01*
X0011577Y0105961D01*
X0011453Y0105981D01*
X0011331Y0106004D01*
X0011209Y0106032D01*
X0011088Y0106063D01*
X0010968Y0106099D01*
X0010849Y0106138D01*
X0010732Y0106180D01*
X0010616Y0106227D01*
X0010502Y0106277D01*
X0010389Y0106330D01*
X0010278Y0106388D01*
X0010168Y0106448D01*
X0010061Y0106513D01*
X0009956Y0106580D01*
X0009853Y0106651D01*
X0009753Y0106725D01*
X0009655Y0106802D01*
X0009559Y0106883D01*
X0009466Y0106966D01*
X0009375Y0107052D01*
X0009288Y0107141D01*
X0009203Y0107233D01*
X0009121Y0107327D01*
X0009042Y0107424D01*
X0008967Y0107524D01*
X0008894Y0107625D01*
X0008825Y0107729D01*
X0008759Y0107836D01*
X0008697Y0107944D01*
X0008638Y0108054D01*
X0008582Y0108166D01*
X0008530Y0108280D01*
X0008482Y0108395D01*
X0008437Y0108511D01*
X0008397Y0108630D01*
X0008359Y0108749D01*
X0008326Y0108869D01*
X0008297Y0108991D01*
X0008271Y0109113D01*
X0008249Y0109236D01*
X0008232Y0109360D01*
X0008218Y0109484D01*
X0008208Y0109608D01*
X0008202Y0109733D01*
X0008200Y0109858D01*
M02*
