G75*
%MOIN*%
%OFA0B0*%
%FSLAX25Y25*%
%IPPOS*%
%LPD*%
%AMOC8*
5,1,8,0,0,1.08239X$1,22.5*
%
%ADD10C,0.00000*%
D10*
X0001591Y0001591D02*
X0001591Y0119701D01*
X0119701Y0119701D01*
X0119701Y0001591D01*
X0001591Y0001591D01*
X0007496Y0011433D02*
X0007498Y0011558D01*
X0007504Y0011683D01*
X0007514Y0011807D01*
X0007528Y0011931D01*
X0007545Y0012055D01*
X0007567Y0012178D01*
X0007593Y0012300D01*
X0007622Y0012422D01*
X0007655Y0012542D01*
X0007693Y0012661D01*
X0007733Y0012780D01*
X0007778Y0012896D01*
X0007826Y0013011D01*
X0007878Y0013125D01*
X0007934Y0013237D01*
X0007993Y0013347D01*
X0008055Y0013455D01*
X0008121Y0013562D01*
X0008190Y0013666D01*
X0008263Y0013767D01*
X0008338Y0013867D01*
X0008417Y0013964D01*
X0008499Y0014058D01*
X0008584Y0014150D01*
X0008671Y0014239D01*
X0008762Y0014325D01*
X0008855Y0014408D01*
X0008951Y0014489D01*
X0009049Y0014566D01*
X0009149Y0014640D01*
X0009252Y0014711D01*
X0009357Y0014778D01*
X0009465Y0014843D01*
X0009574Y0014903D01*
X0009685Y0014961D01*
X0009798Y0015014D01*
X0009912Y0015064D01*
X0010028Y0015111D01*
X0010145Y0015153D01*
X0010264Y0015192D01*
X0010384Y0015228D01*
X0010505Y0015259D01*
X0010627Y0015287D01*
X0010749Y0015310D01*
X0010873Y0015330D01*
X0010997Y0015346D01*
X0011121Y0015358D01*
X0011246Y0015366D01*
X0011371Y0015370D01*
X0011495Y0015370D01*
X0011620Y0015366D01*
X0011745Y0015358D01*
X0011869Y0015346D01*
X0011993Y0015330D01*
X0012117Y0015310D01*
X0012239Y0015287D01*
X0012361Y0015259D01*
X0012482Y0015228D01*
X0012602Y0015192D01*
X0012721Y0015153D01*
X0012838Y0015111D01*
X0012954Y0015064D01*
X0013068Y0015014D01*
X0013181Y0014961D01*
X0013292Y0014903D01*
X0013402Y0014843D01*
X0013509Y0014778D01*
X0013614Y0014711D01*
X0013717Y0014640D01*
X0013817Y0014566D01*
X0013915Y0014489D01*
X0014011Y0014408D01*
X0014104Y0014325D01*
X0014195Y0014239D01*
X0014282Y0014150D01*
X0014367Y0014058D01*
X0014449Y0013964D01*
X0014528Y0013867D01*
X0014603Y0013767D01*
X0014676Y0013666D01*
X0014745Y0013562D01*
X0014811Y0013455D01*
X0014873Y0013347D01*
X0014932Y0013237D01*
X0014988Y0013125D01*
X0015040Y0013011D01*
X0015088Y0012896D01*
X0015133Y0012780D01*
X0015173Y0012661D01*
X0015211Y0012542D01*
X0015244Y0012422D01*
X0015273Y0012300D01*
X0015299Y0012178D01*
X0015321Y0012055D01*
X0015338Y0011931D01*
X0015352Y0011807D01*
X0015362Y0011683D01*
X0015368Y0011558D01*
X0015370Y0011433D01*
X0015368Y0011308D01*
X0015362Y0011183D01*
X0015352Y0011059D01*
X0015338Y0010935D01*
X0015321Y0010811D01*
X0015299Y0010688D01*
X0015273Y0010566D01*
X0015244Y0010444D01*
X0015211Y0010324D01*
X0015173Y0010205D01*
X0015133Y0010086D01*
X0015088Y0009970D01*
X0015040Y0009855D01*
X0014988Y0009741D01*
X0014932Y0009629D01*
X0014873Y0009519D01*
X0014811Y0009411D01*
X0014745Y0009304D01*
X0014676Y0009200D01*
X0014603Y0009099D01*
X0014528Y0008999D01*
X0014449Y0008902D01*
X0014367Y0008808D01*
X0014282Y0008716D01*
X0014195Y0008627D01*
X0014104Y0008541D01*
X0014011Y0008458D01*
X0013915Y0008377D01*
X0013817Y0008300D01*
X0013717Y0008226D01*
X0013614Y0008155D01*
X0013509Y0008088D01*
X0013401Y0008023D01*
X0013292Y0007963D01*
X0013181Y0007905D01*
X0013068Y0007852D01*
X0012954Y0007802D01*
X0012838Y0007755D01*
X0012721Y0007713D01*
X0012602Y0007674D01*
X0012482Y0007638D01*
X0012361Y0007607D01*
X0012239Y0007579D01*
X0012117Y0007556D01*
X0011993Y0007536D01*
X0011869Y0007520D01*
X0011745Y0007508D01*
X0011620Y0007500D01*
X0011495Y0007496D01*
X0011371Y0007496D01*
X0011246Y0007500D01*
X0011121Y0007508D01*
X0010997Y0007520D01*
X0010873Y0007536D01*
X0010749Y0007556D01*
X0010627Y0007579D01*
X0010505Y0007607D01*
X0010384Y0007638D01*
X0010264Y0007674D01*
X0010145Y0007713D01*
X0010028Y0007755D01*
X0009912Y0007802D01*
X0009798Y0007852D01*
X0009685Y0007905D01*
X0009574Y0007963D01*
X0009464Y0008023D01*
X0009357Y0008088D01*
X0009252Y0008155D01*
X0009149Y0008226D01*
X0009049Y0008300D01*
X0008951Y0008377D01*
X0008855Y0008458D01*
X0008762Y0008541D01*
X0008671Y0008627D01*
X0008584Y0008716D01*
X0008499Y0008808D01*
X0008417Y0008902D01*
X0008338Y0008999D01*
X0008263Y0009099D01*
X0008190Y0009200D01*
X0008121Y0009304D01*
X0008055Y0009411D01*
X0007993Y0009519D01*
X0007934Y0009629D01*
X0007878Y0009741D01*
X0007826Y0009855D01*
X0007778Y0009970D01*
X0007733Y0010086D01*
X0007693Y0010205D01*
X0007655Y0010324D01*
X0007622Y0010444D01*
X0007593Y0010566D01*
X0007567Y0010688D01*
X0007545Y0010811D01*
X0007528Y0010935D01*
X0007514Y0011059D01*
X0007504Y0011183D01*
X0007498Y0011308D01*
X0007496Y0011433D01*
X0007496Y0109858D02*
X0007498Y0109983D01*
X0007504Y0110108D01*
X0007514Y0110232D01*
X0007528Y0110356D01*
X0007545Y0110480D01*
X0007567Y0110603D01*
X0007593Y0110725D01*
X0007622Y0110847D01*
X0007655Y0110967D01*
X0007693Y0111086D01*
X0007733Y0111205D01*
X0007778Y0111321D01*
X0007826Y0111436D01*
X0007878Y0111550D01*
X0007934Y0111662D01*
X0007993Y0111772D01*
X0008055Y0111880D01*
X0008121Y0111987D01*
X0008190Y0112091D01*
X0008263Y0112192D01*
X0008338Y0112292D01*
X0008417Y0112389D01*
X0008499Y0112483D01*
X0008584Y0112575D01*
X0008671Y0112664D01*
X0008762Y0112750D01*
X0008855Y0112833D01*
X0008951Y0112914D01*
X0009049Y0112991D01*
X0009149Y0113065D01*
X0009252Y0113136D01*
X0009357Y0113203D01*
X0009465Y0113268D01*
X0009574Y0113328D01*
X0009685Y0113386D01*
X0009798Y0113439D01*
X0009912Y0113489D01*
X0010028Y0113536D01*
X0010145Y0113578D01*
X0010264Y0113617D01*
X0010384Y0113653D01*
X0010505Y0113684D01*
X0010627Y0113712D01*
X0010749Y0113735D01*
X0010873Y0113755D01*
X0010997Y0113771D01*
X0011121Y0113783D01*
X0011246Y0113791D01*
X0011371Y0113795D01*
X0011495Y0113795D01*
X0011620Y0113791D01*
X0011745Y0113783D01*
X0011869Y0113771D01*
X0011993Y0113755D01*
X0012117Y0113735D01*
X0012239Y0113712D01*
X0012361Y0113684D01*
X0012482Y0113653D01*
X0012602Y0113617D01*
X0012721Y0113578D01*
X0012838Y0113536D01*
X0012954Y0113489D01*
X0013068Y0113439D01*
X0013181Y0113386D01*
X0013292Y0113328D01*
X0013402Y0113268D01*
X0013509Y0113203D01*
X0013614Y0113136D01*
X0013717Y0113065D01*
X0013817Y0112991D01*
X0013915Y0112914D01*
X0014011Y0112833D01*
X0014104Y0112750D01*
X0014195Y0112664D01*
X0014282Y0112575D01*
X0014367Y0112483D01*
X0014449Y0112389D01*
X0014528Y0112292D01*
X0014603Y0112192D01*
X0014676Y0112091D01*
X0014745Y0111987D01*
X0014811Y0111880D01*
X0014873Y0111772D01*
X0014932Y0111662D01*
X0014988Y0111550D01*
X0015040Y0111436D01*
X0015088Y0111321D01*
X0015133Y0111205D01*
X0015173Y0111086D01*
X0015211Y0110967D01*
X0015244Y0110847D01*
X0015273Y0110725D01*
X0015299Y0110603D01*
X0015321Y0110480D01*
X0015338Y0110356D01*
X0015352Y0110232D01*
X0015362Y0110108D01*
X0015368Y0109983D01*
X0015370Y0109858D01*
X0015368Y0109733D01*
X0015362Y0109608D01*
X0015352Y0109484D01*
X0015338Y0109360D01*
X0015321Y0109236D01*
X0015299Y0109113D01*
X0015273Y0108991D01*
X0015244Y0108869D01*
X0015211Y0108749D01*
X0015173Y0108630D01*
X0015133Y0108511D01*
X0015088Y0108395D01*
X0015040Y0108280D01*
X0014988Y0108166D01*
X0014932Y0108054D01*
X0014873Y0107944D01*
X0014811Y0107836D01*
X0014745Y0107729D01*
X0014676Y0107625D01*
X0014603Y0107524D01*
X0014528Y0107424D01*
X0014449Y0107327D01*
X0014367Y0107233D01*
X0014282Y0107141D01*
X0014195Y0107052D01*
X0014104Y0106966D01*
X0014011Y0106883D01*
X0013915Y0106802D01*
X0013817Y0106725D01*
X0013717Y0106651D01*
X0013614Y0106580D01*
X0013509Y0106513D01*
X0013401Y0106448D01*
X0013292Y0106388D01*
X0013181Y0106330D01*
X0013068Y0106277D01*
X0012954Y0106227D01*
X0012838Y0106180D01*
X0012721Y0106138D01*
X0012602Y0106099D01*
X0012482Y0106063D01*
X0012361Y0106032D01*
X0012239Y0106004D01*
X0012117Y0105981D01*
X0011993Y0105961D01*
X0011869Y0105945D01*
X0011745Y0105933D01*
X0011620Y0105925D01*
X0011495Y0105921D01*
X0011371Y0105921D01*
X0011246Y0105925D01*
X0011121Y0105933D01*
X0010997Y0105945D01*
X0010873Y0105961D01*
X0010749Y0105981D01*
X0010627Y0106004D01*
X0010505Y0106032D01*
X0010384Y0106063D01*
X0010264Y0106099D01*
X0010145Y0106138D01*
X0010028Y0106180D01*
X0009912Y0106227D01*
X0009798Y0106277D01*
X0009685Y0106330D01*
X0009574Y0106388D01*
X0009464Y0106448D01*
X0009357Y0106513D01*
X0009252Y0106580D01*
X0009149Y0106651D01*
X0009049Y0106725D01*
X0008951Y0106802D01*
X0008855Y0106883D01*
X0008762Y0106966D01*
X0008671Y0107052D01*
X0008584Y0107141D01*
X0008499Y0107233D01*
X0008417Y0107327D01*
X0008338Y0107424D01*
X0008263Y0107524D01*
X0008190Y0107625D01*
X0008121Y0107729D01*
X0008055Y0107836D01*
X0007993Y0107944D01*
X0007934Y0108054D01*
X0007878Y0108166D01*
X0007826Y0108280D01*
X0007778Y0108395D01*
X0007733Y0108511D01*
X0007693Y0108630D01*
X0007655Y0108749D01*
X0007622Y0108869D01*
X0007593Y0108991D01*
X0007567Y0109113D01*
X0007545Y0109236D01*
X0007528Y0109360D01*
X0007514Y0109484D01*
X0007504Y0109608D01*
X0007498Y0109733D01*
X0007496Y0109858D01*
X0105921Y0109858D02*
X0105923Y0109983D01*
X0105929Y0110108D01*
X0105939Y0110232D01*
X0105953Y0110356D01*
X0105970Y0110480D01*
X0105992Y0110603D01*
X0106018Y0110725D01*
X0106047Y0110847D01*
X0106080Y0110967D01*
X0106118Y0111086D01*
X0106158Y0111205D01*
X0106203Y0111321D01*
X0106251Y0111436D01*
X0106303Y0111550D01*
X0106359Y0111662D01*
X0106418Y0111772D01*
X0106480Y0111880D01*
X0106546Y0111987D01*
X0106615Y0112091D01*
X0106688Y0112192D01*
X0106763Y0112292D01*
X0106842Y0112389D01*
X0106924Y0112483D01*
X0107009Y0112575D01*
X0107096Y0112664D01*
X0107187Y0112750D01*
X0107280Y0112833D01*
X0107376Y0112914D01*
X0107474Y0112991D01*
X0107574Y0113065D01*
X0107677Y0113136D01*
X0107782Y0113203D01*
X0107890Y0113268D01*
X0107999Y0113328D01*
X0108110Y0113386D01*
X0108223Y0113439D01*
X0108337Y0113489D01*
X0108453Y0113536D01*
X0108570Y0113578D01*
X0108689Y0113617D01*
X0108809Y0113653D01*
X0108930Y0113684D01*
X0109052Y0113712D01*
X0109174Y0113735D01*
X0109298Y0113755D01*
X0109422Y0113771D01*
X0109546Y0113783D01*
X0109671Y0113791D01*
X0109796Y0113795D01*
X0109920Y0113795D01*
X0110045Y0113791D01*
X0110170Y0113783D01*
X0110294Y0113771D01*
X0110418Y0113755D01*
X0110542Y0113735D01*
X0110664Y0113712D01*
X0110786Y0113684D01*
X0110907Y0113653D01*
X0111027Y0113617D01*
X0111146Y0113578D01*
X0111263Y0113536D01*
X0111379Y0113489D01*
X0111493Y0113439D01*
X0111606Y0113386D01*
X0111717Y0113328D01*
X0111827Y0113268D01*
X0111934Y0113203D01*
X0112039Y0113136D01*
X0112142Y0113065D01*
X0112242Y0112991D01*
X0112340Y0112914D01*
X0112436Y0112833D01*
X0112529Y0112750D01*
X0112620Y0112664D01*
X0112707Y0112575D01*
X0112792Y0112483D01*
X0112874Y0112389D01*
X0112953Y0112292D01*
X0113028Y0112192D01*
X0113101Y0112091D01*
X0113170Y0111987D01*
X0113236Y0111880D01*
X0113298Y0111772D01*
X0113357Y0111662D01*
X0113413Y0111550D01*
X0113465Y0111436D01*
X0113513Y0111321D01*
X0113558Y0111205D01*
X0113598Y0111086D01*
X0113636Y0110967D01*
X0113669Y0110847D01*
X0113698Y0110725D01*
X0113724Y0110603D01*
X0113746Y0110480D01*
X0113763Y0110356D01*
X0113777Y0110232D01*
X0113787Y0110108D01*
X0113793Y0109983D01*
X0113795Y0109858D01*
X0113793Y0109733D01*
X0113787Y0109608D01*
X0113777Y0109484D01*
X0113763Y0109360D01*
X0113746Y0109236D01*
X0113724Y0109113D01*
X0113698Y0108991D01*
X0113669Y0108869D01*
X0113636Y0108749D01*
X0113598Y0108630D01*
X0113558Y0108511D01*
X0113513Y0108395D01*
X0113465Y0108280D01*
X0113413Y0108166D01*
X0113357Y0108054D01*
X0113298Y0107944D01*
X0113236Y0107836D01*
X0113170Y0107729D01*
X0113101Y0107625D01*
X0113028Y0107524D01*
X0112953Y0107424D01*
X0112874Y0107327D01*
X0112792Y0107233D01*
X0112707Y0107141D01*
X0112620Y0107052D01*
X0112529Y0106966D01*
X0112436Y0106883D01*
X0112340Y0106802D01*
X0112242Y0106725D01*
X0112142Y0106651D01*
X0112039Y0106580D01*
X0111934Y0106513D01*
X0111826Y0106448D01*
X0111717Y0106388D01*
X0111606Y0106330D01*
X0111493Y0106277D01*
X0111379Y0106227D01*
X0111263Y0106180D01*
X0111146Y0106138D01*
X0111027Y0106099D01*
X0110907Y0106063D01*
X0110786Y0106032D01*
X0110664Y0106004D01*
X0110542Y0105981D01*
X0110418Y0105961D01*
X0110294Y0105945D01*
X0110170Y0105933D01*
X0110045Y0105925D01*
X0109920Y0105921D01*
X0109796Y0105921D01*
X0109671Y0105925D01*
X0109546Y0105933D01*
X0109422Y0105945D01*
X0109298Y0105961D01*
X0109174Y0105981D01*
X0109052Y0106004D01*
X0108930Y0106032D01*
X0108809Y0106063D01*
X0108689Y0106099D01*
X0108570Y0106138D01*
X0108453Y0106180D01*
X0108337Y0106227D01*
X0108223Y0106277D01*
X0108110Y0106330D01*
X0107999Y0106388D01*
X0107889Y0106448D01*
X0107782Y0106513D01*
X0107677Y0106580D01*
X0107574Y0106651D01*
X0107474Y0106725D01*
X0107376Y0106802D01*
X0107280Y0106883D01*
X0107187Y0106966D01*
X0107096Y0107052D01*
X0107009Y0107141D01*
X0106924Y0107233D01*
X0106842Y0107327D01*
X0106763Y0107424D01*
X0106688Y0107524D01*
X0106615Y0107625D01*
X0106546Y0107729D01*
X0106480Y0107836D01*
X0106418Y0107944D01*
X0106359Y0108054D01*
X0106303Y0108166D01*
X0106251Y0108280D01*
X0106203Y0108395D01*
X0106158Y0108511D01*
X0106118Y0108630D01*
X0106080Y0108749D01*
X0106047Y0108869D01*
X0106018Y0108991D01*
X0105992Y0109113D01*
X0105970Y0109236D01*
X0105953Y0109360D01*
X0105939Y0109484D01*
X0105929Y0109608D01*
X0105923Y0109733D01*
X0105921Y0109858D01*
X0105921Y0011433D02*
X0105923Y0011558D01*
X0105929Y0011683D01*
X0105939Y0011807D01*
X0105953Y0011931D01*
X0105970Y0012055D01*
X0105992Y0012178D01*
X0106018Y0012300D01*
X0106047Y0012422D01*
X0106080Y0012542D01*
X0106118Y0012661D01*
X0106158Y0012780D01*
X0106203Y0012896D01*
X0106251Y0013011D01*
X0106303Y0013125D01*
X0106359Y0013237D01*
X0106418Y0013347D01*
X0106480Y0013455D01*
X0106546Y0013562D01*
X0106615Y0013666D01*
X0106688Y0013767D01*
X0106763Y0013867D01*
X0106842Y0013964D01*
X0106924Y0014058D01*
X0107009Y0014150D01*
X0107096Y0014239D01*
X0107187Y0014325D01*
X0107280Y0014408D01*
X0107376Y0014489D01*
X0107474Y0014566D01*
X0107574Y0014640D01*
X0107677Y0014711D01*
X0107782Y0014778D01*
X0107890Y0014843D01*
X0107999Y0014903D01*
X0108110Y0014961D01*
X0108223Y0015014D01*
X0108337Y0015064D01*
X0108453Y0015111D01*
X0108570Y0015153D01*
X0108689Y0015192D01*
X0108809Y0015228D01*
X0108930Y0015259D01*
X0109052Y0015287D01*
X0109174Y0015310D01*
X0109298Y0015330D01*
X0109422Y0015346D01*
X0109546Y0015358D01*
X0109671Y0015366D01*
X0109796Y0015370D01*
X0109920Y0015370D01*
X0110045Y0015366D01*
X0110170Y0015358D01*
X0110294Y0015346D01*
X0110418Y0015330D01*
X0110542Y0015310D01*
X0110664Y0015287D01*
X0110786Y0015259D01*
X0110907Y0015228D01*
X0111027Y0015192D01*
X0111146Y0015153D01*
X0111263Y0015111D01*
X0111379Y0015064D01*
X0111493Y0015014D01*
X0111606Y0014961D01*
X0111717Y0014903D01*
X0111827Y0014843D01*
X0111934Y0014778D01*
X0112039Y0014711D01*
X0112142Y0014640D01*
X0112242Y0014566D01*
X0112340Y0014489D01*
X0112436Y0014408D01*
X0112529Y0014325D01*
X0112620Y0014239D01*
X0112707Y0014150D01*
X0112792Y0014058D01*
X0112874Y0013964D01*
X0112953Y0013867D01*
X0113028Y0013767D01*
X0113101Y0013666D01*
X0113170Y0013562D01*
X0113236Y0013455D01*
X0113298Y0013347D01*
X0113357Y0013237D01*
X0113413Y0013125D01*
X0113465Y0013011D01*
X0113513Y0012896D01*
X0113558Y0012780D01*
X0113598Y0012661D01*
X0113636Y0012542D01*
X0113669Y0012422D01*
X0113698Y0012300D01*
X0113724Y0012178D01*
X0113746Y0012055D01*
X0113763Y0011931D01*
X0113777Y0011807D01*
X0113787Y0011683D01*
X0113793Y0011558D01*
X0113795Y0011433D01*
X0113793Y0011308D01*
X0113787Y0011183D01*
X0113777Y0011059D01*
X0113763Y0010935D01*
X0113746Y0010811D01*
X0113724Y0010688D01*
X0113698Y0010566D01*
X0113669Y0010444D01*
X0113636Y0010324D01*
X0113598Y0010205D01*
X0113558Y0010086D01*
X0113513Y0009970D01*
X0113465Y0009855D01*
X0113413Y0009741D01*
X0113357Y0009629D01*
X0113298Y0009519D01*
X0113236Y0009411D01*
X0113170Y0009304D01*
X0113101Y0009200D01*
X0113028Y0009099D01*
X0112953Y0008999D01*
X0112874Y0008902D01*
X0112792Y0008808D01*
X0112707Y0008716D01*
X0112620Y0008627D01*
X0112529Y0008541D01*
X0112436Y0008458D01*
X0112340Y0008377D01*
X0112242Y0008300D01*
X0112142Y0008226D01*
X0112039Y0008155D01*
X0111934Y0008088D01*
X0111826Y0008023D01*
X0111717Y0007963D01*
X0111606Y0007905D01*
X0111493Y0007852D01*
X0111379Y0007802D01*
X0111263Y0007755D01*
X0111146Y0007713D01*
X0111027Y0007674D01*
X0110907Y0007638D01*
X0110786Y0007607D01*
X0110664Y0007579D01*
X0110542Y0007556D01*
X0110418Y0007536D01*
X0110294Y0007520D01*
X0110170Y0007508D01*
X0110045Y0007500D01*
X0109920Y0007496D01*
X0109796Y0007496D01*
X0109671Y0007500D01*
X0109546Y0007508D01*
X0109422Y0007520D01*
X0109298Y0007536D01*
X0109174Y0007556D01*
X0109052Y0007579D01*
X0108930Y0007607D01*
X0108809Y0007638D01*
X0108689Y0007674D01*
X0108570Y0007713D01*
X0108453Y0007755D01*
X0108337Y0007802D01*
X0108223Y0007852D01*
X0108110Y0007905D01*
X0107999Y0007963D01*
X0107889Y0008023D01*
X0107782Y0008088D01*
X0107677Y0008155D01*
X0107574Y0008226D01*
X0107474Y0008300D01*
X0107376Y0008377D01*
X0107280Y0008458D01*
X0107187Y0008541D01*
X0107096Y0008627D01*
X0107009Y0008716D01*
X0106924Y0008808D01*
X0106842Y0008902D01*
X0106763Y0008999D01*
X0106688Y0009099D01*
X0106615Y0009200D01*
X0106546Y0009304D01*
X0106480Y0009411D01*
X0106418Y0009519D01*
X0106359Y0009629D01*
X0106303Y0009741D01*
X0106251Y0009855D01*
X0106203Y0009970D01*
X0106158Y0010086D01*
X0106118Y0010205D01*
X0106080Y0010324D01*
X0106047Y0010444D01*
X0106018Y0010566D01*
X0105992Y0010688D01*
X0105970Y0010811D01*
X0105953Y0010935D01*
X0105939Y0011059D01*
X0105929Y0011183D01*
X0105923Y0011308D01*
X0105921Y0011433D01*
M02*
